Log file open, 02/01/20 11:19:17
LogWindows: Failed to load 'aqProf.dll' (GetLastError=126)
LogWindows: File 'aqProf.dll' does not exist
LogWindows: Failed to load 'VtuneApi.dll' (GetLastError=126)
LogWindows: File 'VtuneApi.dll' does not exist
LogWindows: Failed to load 'VtuneApi32e.dll' (GetLastError=126)
LogWindows: File 'VtuneApi32e.dll' does not exist
LogConsoleResponse: Display: Failed to find resolution value strings in scalability ini. Falling back to default.
LogInit: Display: Running engine for game: UnrealFPSProject
LogPlatformFile: Not using cached read wrapper
LogTaskGraph: Started task graph with 5 named threads and 20 total threads with 3 sets of task threads.
LogStats: Stats thread started at 0.070219
LogD3D11RHI: Loaded GFSDK_Aftermath_Lib.x64.dll
LogICUInternationalization: ICU TimeZone Detection - Raw Offset: +1:00, Platform Override: ''
LogPluginManager: Mounting plugin Paper2D
LogPluginManager: Mounting plugin AISupport
LogPluginManager: Mounting plugin LightPropagationVolume
LogPluginManager: Mounting plugin ActorLayerUtilities
LogPluginManager: Mounting plugin AnimationSharing
LogPluginManager: Mounting plugin CLionSourceCodeAccess
LogPluginManager: Mounting plugin CodeLiteSourceCodeAccess
LogPluginManager: Mounting plugin GitSourceControl
LogPluginManager: Mounting plugin KDevelopSourceCodeAccess
LogPluginManager: Mounting plugin NullSourceCodeAccess
LogPluginManager: Mounting plugin PerforceSourceControl
LogPluginManager: Mounting plugin PlasticSourceControl
LogPluginManager: Mounting plugin SubversionSourceControl
LogPluginManager: Mounting plugin UObjectPlugin
LogPluginManager: Mounting plugin VisualStudioCodeSourceCodeAccess
LogPluginManager: Mounting plugin VisualStudioSourceCodeAccess
LogPluginManager: Mounting plugin XCodeSourceCodeAccess
LogPluginManager: Mounting plugin AssetManagerEditor
LogPluginManager: Mounting plugin CryptoKeys
LogPluginManager: Mounting plugin CurveEditorTools
LogPluginManager: Mounting plugin DataValidation
LogPluginManager: Mounting plugin FacialAnimation
LogPluginManager: Mounting plugin GameplayTagsEditor
LogPluginManager: Mounting plugin MacGraphicsSwitching
LogPluginManager: Mounting plugin MaterialAnalyzer
LogPluginManager: Mounting plugin MobileLauncherProfileWizard
LogPluginManager: Mounting plugin PluginBrowser
LogPluginManager: Mounting plugin SpeedTreeImporter
LogPluginManager: Mounting plugin DatasmithContent
LogPluginManager: Mounting plugin VariantManagerContent
LogPluginManager: Mounting plugin AlembicImporter
LogPluginManager: Mounting plugin AutomationUtils
LogPluginManager: Mounting plugin BackChannel
LogPluginManager: Mounting plugin CharacterAI
LogPluginManager: Mounting plugin GeometryCache
LogPluginManager: Mounting plugin PlatformCrypto
LogPluginManager: Mounting plugin ProxyLODPlugin
LogPluginManager: Mounting plugin SkeletalReduction
LogPluginManager: Mounting plugin MagicLeap
LogPluginManager: Mounting plugin MagicLeapMedia
LogPluginManager: Mounting plugin MLSDK
LogPluginManager: Mounting plugin AndroidMedia
LogPluginManager: Mounting plugin AvfMedia
LogPluginManager: Mounting plugin ImgMedia
LogPluginManager: Mounting plugin MediaCompositing
LogPluginManager: Mounting plugin MediaPlayerEditor
LogPluginManager: Mounting plugin WebMMedia
LogPluginManager: Mounting plugin WmfMedia
LogPluginManager: Mounting plugin TcpMessaging
LogPluginManager: Mounting plugin UdpMessaging
LogPluginManager: Mounting plugin ActorSequence
LogPluginManager: Mounting plugin LevelSequenceEditor
LogPluginManager: Mounting plugin MatineeToLevelSequence
LogPluginManager: Mounting plugin NetcodeUnitTest
LogPluginManager: Mounting plugin NUTUnrealEngine4
LogPluginManager: Mounting plugin OnlineSubsystemGooglePlay
LogPluginManager: Mounting plugin OnlineSubsystemIOS
LogPluginManager: Mounting plugin OnlineSubsystem
LogPluginManager: Mounting plugin OnlineSubsystemNull
LogPluginManager: Mounting plugin OnlineSubsystemUtils
LogPluginManager: Mounting plugin LauncherChunkInstaller
LogPluginManager: Mounting plugin AndroidDeviceProfileSelector
LogPluginManager: Mounting plugin AndroidMoviePlayer
LogPluginManager: Mounting plugin AndroidPermission
LogPluginManager: Mounting plugin AppleImageUtils
LogPluginManager: Mounting plugin AppleMoviePlayer
LogPluginManager: Mounting plugin ArchVisCharacter
LogPluginManager: Mounting plugin AssetTags
LogPluginManager: Mounting plugin AudioCapture
LogPluginManager: Mounting plugin CableComponent
LogPluginManager: Mounting plugin CustomMeshComponent
LogPluginManager: Mounting plugin EditableMesh
LogPluginManager: Mounting plugin ExampleDeviceProfileSelector
LogPluginManager: Mounting plugin GoogleCloudMessaging
LogPluginManager: Mounting plugin IOSDeviceProfileSelector
LogPluginManager: Mounting plugin LinuxDeviceProfileSelector
LogPluginManager: Mounting plugin LocationServicesBPLibrary
LogPluginManager: Mounting plugin MobilePatchingUtils
LogPluginManager: Mounting plugin OculusVR
LogPluginManager: Mounting plugin PhysXVehicles
LogPluginManager: Mounting plugin PostSplashScreen
LogPluginManager: Mounting plugin ProceduralMeshComponent
LogPluginManager: Mounting plugin RuntimePhysXCooking
LogPluginManager: Mounting plugin SignificanceManager
LogPluginManager: Mounting plugin SteamVR
LogPluginManager: Mounting plugin WebMMoviePlayer
LogPluginManager: Mounting plugin WindowsMoviePlayer
LogPluginManager: Mounting plugin ScreenshotTools
LogInit: Using libcurl 7.55.1-DEV
LogInit:  - built for x86_64-pc-win32
LogInit:  - supports SSL with OpenSSL/1.1.1
LogInit:  - supports HTTP deflate (compression) using libz 1.2.8
LogInit:  - other features:
LogInit:      CURL_VERSION_SSL
LogInit:      CURL_VERSION_LIBZ
LogInit:      CURL_VERSION_IPV6
LogInit:      CURL_VERSION_ASYNCHDNS
LogInit:      CURL_VERSION_LARGEFILE
LogInit:      CURL_VERSION_IDN
LogInit:  CurlRequestOptions (configurable via config and command line):
LogInit:  - bVerifyPeer = true  - Libcurl will verify peer certificate
LogInit:  - bUseHttpProxy = false  - Libcurl will NOT use HTTP proxy
LogInit:  - bDontReuseConnections = false  - Libcurl will reuse connections
LogInit:  - MaxHostConnections = 16  - Libcurl will limit the number of connections to a host
LogInit:  - LocalHostAddr = Default
LogInit:  - BufferSize = 65536
LogOnline: OSS: Creating online subsystem instance for: NULL
LogInit: WinSock: version 1.1 (2.2), MaxSocks=32767, MaxUdp=65467
LogOnline: OSS: TryLoadSubsystemAndSetDefault: Loaded subsystem for module [NULL]
LogInit: Build: ++UE4+Release-4.24-CL-11100242
LogInit: Engine Version: 4.24.2-11100242+++UE4+Release-4.24
LogInit: Compatible Engine Version: 4.24.0-10570792+++UE4+Release-4.24
LogInit: Net CL: 10570792
LogInit: OS: Windows 10 (Release 1909) (), CPU: Intel(R) Core(TM) i5-8600K CPU @ 3.60GHz, GPU: NVIDIA GeForce GTX 980 Ti
LogInit: Compiled (64-bit): Jan 24 2020 02:05:53
LogInit: Compiled with Visual C++: 19.16.27032.01
LogInit: Build Configuration: Development
LogInit: Branch Name: ++UE4+Release-4.24
LogInit: Command Line:  -EpicPortal -epicusername=01Leshark01 -epicuserid=4fdc3f0f4e344c2781a776bdebc75ff3 -epiclocale=en-US
LogInit: Base Directory: C:/UE_4.24/Engine/Binaries/Win64/
LogInit: Installed Engine Build: 1
LogDevObjectVersion: Number of dev versions registered: 25
LogDevObjectVersion:   Dev-Blueprints (B0D832E4-1F89-4F0D-ACCF-7EB736FD4AA2): 10
LogDevObjectVersion:   Dev-Build (E1C64328-A22C-4D53-A36C-8E866417BD8C): 0
LogDevObjectVersion:   Dev-Core (375EC13C-06E4-48FB-B500-84F0262A717E): 3
LogDevObjectVersion:   Dev-Editor (E4B068ED-F494-42E9-A231-DA0B2E46BB41): 37
LogDevObjectVersion:   Dev-Framework (CFFC743F-43B0-4480-9391-14DF171D2073): 36
LogDevObjectVersion:   Dev-Mobile (B02B49B5-BB20-44E9-A304-32B752E40360): 2
LogDevObjectVersion:   Dev-Networking (A4E4105C-59A1-49B5-A7C5-40C4547EDFEE): 0
LogDevObjectVersion:   Dev-Online (39C831C9-5AE6-47DC-9A44-9C173E1C8E7C): 0
LogDevObjectVersion:   Dev-Physics (78F01B33-EBEA-4F98-B9B4-84EACCB95AA2): 2
LogDevObjectVersion:   Dev-Platform (6631380F-2D4D-43E0-8009-CF276956A95A): 0
LogDevObjectVersion:   Dev-Rendering (12F88B9F-8875-4AFC-A67C-D90C383ABD29): 36
LogDevObjectVersion:   Dev-Sequencer (7B5AE74C-D270-4C10-A958-57980B212A5A): 11
LogDevObjectVersion:   Dev-VR (D7296918-1DD6-4BDD-9DE2-64A83CC13884): 2
LogDevObjectVersion:   Dev-LoadTimes (C2A15278-BFE7-4AFE-6C17-90FF531DF755): 1
LogDevObjectVersion:   Private-Geometry (6EACA3D4-40EC-4CC1-B786-8BED09428FC5): 3
LogDevObjectVersion:   Dev-AnimPhys (29E575DD-E0A3-4627-9D10-D276232CDCEA): 17
LogDevObjectVersion:   Dev-Anim (AF43A65D-7FD3-4947-9873-3E8ED9C1BB05): 2
LogDevObjectVersion:   Dev-ReflectionCapture (6B266CEC-1EC7-4B8F-A30B-E4D90942FC07): 1
LogDevObjectVersion:   Dev-Automation (0DF73D61-A23F-47EA-B727-89E90C41499A): 1
LogDevObjectVersion:   FortniteMain (601D1886-AC64-4F84-AA16-D3DE0DEAC7D6): 31
LogDevObjectVersion:   Dev-Enterprise (9DFFBCD6-494F-0158-E221-12823C92A888): 8
LogDevObjectVersion:   Dev-Niagara (F2AED0AC-9AFE-416F-8664-AA7FFA26D6FC): 1
LogDevObjectVersion:   Dev-Destruction (174F1F0B-B4C6-45A5-B13F-2EE8D0FB917D): 9
LogDevObjectVersion:   Dev-Physics-Ext (35F94A83-E258-406C-A318-09F59610247C): 8
LogDevObjectVersion:   Dev-CineCamera (B2E18506-4273-CFC2-A54E-F4BB758BBA07): 1
LogInit: Presizing for max 25165824 objects, including 0 objects not considered by GC, pre-allocating 0 bytes for permanent pool.
LogInit: Object subsystem initialized
LogConfig: Setting CVar [[con.DebugEarlyDefault:1]]
LogConfig: Setting CVar [[r.setres:1280x720]]
[2020.02.01-10.19.17:591][  0]LogConfig: Setting CVar [[r.VSync:0]]
[2020.02.01-10.19.17:591][  0]LogConfig: Setting CVar [[r.RHICmdBypass:0]]
[2020.02.01-10.19.17:591][  0]LogConfig: Applying CVar settings from Section [/Script/Engine.RendererSettings] File [C:/Projets/Unreal/UnrealFPSProject/Saved/Config/Windows/Engine.ini]
[2020.02.01-10.19.17:591][  0]LogConfig: Setting CVar [[r.GPUCrashDebugging:0]]
[2020.02.01-10.19.17:591][  0]LogConfig: Applying CVar settings from Section [/Script/Engine.RendererOverrideSettings] File [C:/Projets/Unreal/UnrealFPSProject/Saved/Config/Windows/Engine.ini]
[2020.02.01-10.19.17:591][  0]LogConfig: Applying CVar settings from Section [/Script/Engine.StreamingSettings] File [C:/Projets/Unreal/UnrealFPSProject/Saved/Config/Windows/Engine.ini]
[2020.02.01-10.19.17:591][  0]LogConfig: Setting CVar [[s.MinBulkDataSizeForAsyncLoading:131072]]
[2020.02.01-10.19.17:591][  0]LogConfig: Setting CVar [[s.AsyncLoadingThreadEnabled:0]]
[2020.02.01-10.19.17:591][  0]LogConfig: Setting CVar [[s.EventDrivenLoaderEnabled:1]]
[2020.02.01-10.19.17:591][  0]LogConfig: Setting CVar [[s.WarnIfTimeLimitExceeded:0]]
[2020.02.01-10.19.17:591][  0]LogConfig: Setting CVar [[s.TimeLimitExceededMultiplier:1.5]]
[2020.02.01-10.19.17:591][  0]LogConfig: Setting CVar [[s.TimeLimitExceededMinTime:0.005]]
[2020.02.01-10.19.17:591][  0]LogConfig: Setting CVar [[s.UseBackgroundLevelStreaming:1]]
[2020.02.01-10.19.17:591][  0]LogConfig: Setting CVar [[s.PriorityAsyncLoadingExtraTime:15.0]]
[2020.02.01-10.19.17:591][  0]LogConfig: Setting CVar [[s.LevelStreamingActorsUpdateTimeLimit:5.0]]
[2020.02.01-10.19.17:591][  0]LogConfig: Setting CVar [[s.PriorityLevelStreamingActorsUpdateExtraTime:5.0]]
[2020.02.01-10.19.17:591][  0]LogConfig: Setting CVar [[s.LevelStreamingComponentsRegistrationGranularity:10]]
[2020.02.01-10.19.17:591][  0]LogConfig: Setting CVar [[s.UnregisterComponentsTimeLimit:1.0]]
[2020.02.01-10.19.17:591][  0]LogConfig: Setting CVar [[s.LevelStreamingComponentsUnregistrationGranularity:5]]
[2020.02.01-10.19.17:591][  0]LogConfig: Setting CVar [[s.FlushStreamingOnExit:1]]
[2020.02.01-10.19.17:591][  0]LogConfig: Applying CVar settings from Section [/Script/Engine.GarbageCollectionSettings] File [C:/Projets/Unreal/UnrealFPSProject/Saved/Config/Windows/Engine.ini]
[2020.02.01-10.19.17:591][  0]LogConfig: Setting CVar [[gc.MaxObjectsNotConsideredByGC:1]]
[2020.02.01-10.19.17:591][  0]LogConfig: Setting CVar [[gc.SizeOfPermanentObjectPool:0]]
[2020.02.01-10.19.17:591][  0]LogConfig: Setting CVar [[gc.FlushStreamingOnGC:0]]
[2020.02.01-10.19.17:591][  0]LogConfig: Setting CVar [[gc.NumRetriesBeforeForcingGC:10]]
[2020.02.01-10.19.17:591][  0]LogConfig: Setting CVar [[gc.AllowParallelGC:1]]
[2020.02.01-10.19.17:591][  0]LogConfig: Setting CVar [[gc.TimeBetweenPurgingPendingKillObjects:61.1]]
[2020.02.01-10.19.17:591][  0]LogConfig: Setting CVar [[gc.MaxObjectsInEditor:25165824]]
[2020.02.01-10.19.17:591][  0]LogConfig: Setting CVar [[gc.IncrementalBeginDestroyEnabled:1]]
[2020.02.01-10.19.17:591][  0]LogConfig: Setting CVar [[gc.CreateGCClusters:1]]
[2020.02.01-10.19.17:591][  0]LogConfig: Setting CVar [[gc.MinGCClusterSize:5]]
[2020.02.01-10.19.17:591][  0]LogConfig: Setting CVar [[gc.ActorClusteringEnabled:0]]
[2020.02.01-10.19.17:591][  0]LogConfig: Setting CVar [[gc.BlueprintClusteringEnabled:0]]
[2020.02.01-10.19.17:591][  0]LogConfig: Setting CVar [[gc.UseDisregardForGCOnDedicatedServers:0]]
[2020.02.01-10.19.17:591][  0]LogConfig: Applying CVar settings from Section [/Script/Engine.NetworkSettings] File [C:/Projets/Unreal/UnrealFPSProject/Saved/Config/Windows/Engine.ini]
[2020.02.01-10.19.17:591][  0]LogConfig: Applying CVar settings from Section [/Script/UnrealEd.CookerSettings] File [C:/Projets/Unreal/UnrealFPSProject/Saved/Config/Windows/Engine.ini]
[2020.02.01-10.19.17:595][  0]LogConfig: Applying CVar settings from Section [ViewDistanceQuality@3] File [C:/Projets/Unreal/UnrealFPSProject/Saved/Config/Windows/Scalability.ini]
[2020.02.01-10.19.17:595][  0]LogConfig: Setting CVar [[r.SkeletalMeshLODBias:0]]
[2020.02.01-10.19.17:595][  0]LogConfig: Setting CVar [[r.ViewDistanceScale:1.0]]
[2020.02.01-10.19.17:595][  0]LogConfig: Applying CVar settings from Section [AntiAliasingQuality@3] File [C:/Projets/Unreal/UnrealFPSProject/Saved/Config/Windows/Scalability.ini]
[2020.02.01-10.19.17:595][  0]LogConfig: Setting CVar [[r.PostProcessAAQuality:4]]
[2020.02.01-10.19.17:595][  0]LogConfig: Applying CVar settings from Section [ShadowQuality@3] File [C:/Projets/Unreal/UnrealFPSProject/Saved/Config/Windows/Scalability.ini]
[2020.02.01-10.19.17:595][  0]LogConfig: Setting CVar [[r.LightFunctionQuality:1]]
[2020.02.01-10.19.17:595][  0]LogConfig: Setting CVar [[r.ShadowQuality:5]]
[2020.02.01-10.19.17:595][  0]LogConfig: Setting CVar [[r.Shadow.CSM.MaxCascades:10]]
[2020.02.01-10.19.17:595][  0]LogConfig: Setting CVar [[r.Shadow.MaxResolution:2048]]
[2020.02.01-10.19.17:595][  0]LogConfig: Setting CVar [[r.Shadow.MaxCSMResolution:2048]]
[2020.02.01-10.19.17:595][  0]LogConfig: Setting CVar [[r.Shadow.RadiusThreshold:0.01]]
[2020.02.01-10.19.17:596][  0]LogConfig: Setting CVar [[r.Shadow.DistanceScale:1.0]]
[2020.02.01-10.19.17:596][  0]LogConfig: Setting CVar [[r.Shadow.CSM.TransitionScale:1.0]]
[2020.02.01-10.19.17:596][  0]LogConfig: Setting CVar [[r.Shadow.PreShadowResolutionFactor:1.0]]
[2020.02.01-10.19.17:596][  0]LogConfig: Setting CVar [[r.DistanceFieldShadowing:1]]
[2020.02.01-10.19.17:596][  0]LogConfig: Setting CVar [[r.DistanceFieldAO:1]]
[2020.02.01-10.19.17:596][  0]LogConfig: Setting CVar [[r.AOQuality:2]]
[2020.02.01-10.19.17:596][  0]LogConfig: Setting CVar [[r.VolumetricFog:1]]
[2020.02.01-10.19.17:596][  0]LogConfig: Setting CVar [[r.VolumetricFog.GridPixelSize:8]]
[2020.02.01-10.19.17:596][  0]LogConfig: Setting CVar [[r.VolumetricFog.GridSizeZ:128]]
[2020.02.01-10.19.17:596][  0]LogConfig: Setting CVar [[r.VolumetricFog.HistoryMissSupersampleCount:4]]
[2020.02.01-10.19.17:596][  0]LogConfig: Setting CVar [[r.LightMaxDrawDistanceScale:1]]
[2020.02.01-10.19.17:596][  0]LogConfig: Setting CVar [[r.CapsuleShadows:1]]
[2020.02.01-10.19.17:596][  0]LogConfig: Applying CVar settings from Section [PostProcessQuality@3] File [C:/Projets/Unreal/UnrealFPSProject/Saved/Config/Windows/Scalability.ini]
[2020.02.01-10.19.17:596][  0]LogConfig: Setting CVar [[r.MotionBlurQuality:4]]
[2020.02.01-10.19.17:596][  0]LogConfig: Setting CVar [[r.AmbientOcclusionMipLevelFactor:0.4]]
[2020.02.01-10.19.17:596][  0]LogConfig: Setting CVar [[r.AmbientOcclusionMaxQuality:100]]
[2020.02.01-10.19.17:596][  0]LogConfig: Setting CVar [[r.AmbientOcclusionLevels:-1]]
[2020.02.01-10.19.17:596][  0]LogConfig: Setting CVar [[r.AmbientOcclusionRadiusScale:1.0]]
[2020.02.01-10.19.17:596][  0]LogConfig: Setting CVar [[r.DepthOfFieldQuality:2]]
[2020.02.01-10.19.17:596][  0]LogConfig: Setting CVar [[r.RenderTargetPoolMin:400]]
[2020.02.01-10.19.17:596][  0]LogConfig: Setting CVar [[r.LensFlareQuality:2]]
[2020.02.01-10.19.17:596][  0]LogConfig: Setting CVar [[r.SceneColorFringeQuality:1]]
[2020.02.01-10.19.17:596][  0]LogConfig: Setting CVar [[r.EyeAdaptationQuality:2]]
[2020.02.01-10.19.17:596][  0]LogConfig: Setting CVar [[r.BloomQuality:5]]
[2020.02.01-10.19.17:596][  0]LogConfig: Setting CVar [[r.FastBlurThreshold:100]]
[2020.02.01-10.19.17:596][  0]LogConfig: Setting CVar [[r.Upscale.Quality:3]]
[2020.02.01-10.19.17:596][  0]LogConfig: Setting CVar [[r.Tonemapper.GrainQuantization:1]]
[2020.02.01-10.19.17:596][  0]LogConfig: Setting CVar [[r.LightShaftQuality:1]]
[2020.02.01-10.19.17:596][  0]LogConfig: Setting CVar [[r.Filter.SizeScale:1]]
[2020.02.01-10.19.17:596][  0]LogConfig: Setting CVar [[r.Tonemapper.Quality:5]]
[2020.02.01-10.19.17:596][  0]LogConfig: Setting CVar [[r.DOF.Gather.AccumulatorQuality:1        ; higher gathering accumulator quality]]
[2020.02.01-10.19.17:596][  0]LogConfig: Setting CVar [[r.DOF.Gather.PostfilterMethod:1          ; Median3x3 postfilering method]]
[2020.02.01-10.19.17:596][  0]LogConfig: Setting CVar [[r.DOF.Gather.EnableBokehSettings:0       ; no bokeh simulation when gathering]]
[2020.02.01-10.19.17:596][  0]LogConfig: Setting CVar [[r.DOF.Gather.RingCount:4                 ; medium number of samples when gathering]]
[2020.02.01-10.19.17:596][  0]LogConfig: Setting CVar [[r.DOF.Scatter.ForegroundCompositing:1    ; additive foreground scattering]]
[2020.02.01-10.19.17:596][  0]LogConfig: Setting CVar [[r.DOF.Scatter.BackgroundCompositing:2    ; additive background scattering]]
[2020.02.01-10.19.17:596][  0]LogConfig: Setting CVar [[r.DOF.Scatter.EnableBokehSettings:1      ; bokeh simulation when scattering]]
[2020.02.01-10.19.17:596][  0]LogConfig: Setting CVar [[r.DOF.Scatter.MaxSpriteRatio:0.1         ; only a maximum of 10% of scattered bokeh]]
[2020.02.01-10.19.17:596][  0]LogConfig: Setting CVar [[r.DOF.Recombine.Quality:1                ; cheap slight out of focus]]
[2020.02.01-10.19.17:596][  0]LogConfig: Setting CVar [[r.DOF.Recombine.EnableBokehSettings:0    ; no bokeh simulation on slight out of focus]]
[2020.02.01-10.19.17:596][  0]LogConfig: Setting CVar [[r.DOF.TemporalAAQuality:1                ; more stable temporal accumulation]]
[2020.02.01-10.19.17:596][  0]LogConfig: Setting CVar [[r.DOF.Kernel.MaxForegroundRadius:0.025]]
[2020.02.01-10.19.17:596][  0]LogConfig: Setting CVar [[r.DOF.Kernel.MaxBackgroundRadius:0.025]]
[2020.02.01-10.19.17:596][  0]LogConfig: Applying CVar settings from Section [TextureQuality@3] File [C:/Projets/Unreal/UnrealFPSProject/Saved/Config/Windows/Scalability.ini]
[2020.02.01-10.19.17:596][  0]LogConfig: Setting CVar [[r.Streaming.MipBias:0]]
[2020.02.01-10.19.17:596][  0]LogConfig: Setting CVar [[r.Streaming.AmortizeCPUToGPUCopy:0]]
[2020.02.01-10.19.17:596][  0]LogConfig: Setting CVar [[r.Streaming.MaxNumTexturesToStreamPerFrame:0]]
[2020.02.01-10.19.17:596][  0]LogConfig: Setting CVar [[r.Streaming.Boost:1]]
[2020.02.01-10.19.17:596][  0]LogConfig: Setting CVar [[r.MaxAnisotropy:8]]
[2020.02.01-10.19.17:596][  0]LogConfig: Setting CVar [[r.VT.MaxAnisotropy:8]]
[2020.02.01-10.19.17:596][  0]LogConfig: Setting CVar [[r.Streaming.LimitPoolSizeToVRAM:0]]
[2020.02.01-10.19.17:596][  0]LogConfig: Setting CVar [[r.Streaming.PoolSize:1000]]
[2020.02.01-10.19.17:596][  0]LogConfig: Setting CVar [[r.Streaming.MaxEffectiveScreenSize:0]]
[2020.02.01-10.19.17:596][  0]LogConfig: Applying CVar settings from Section [EffectsQuality@3] File [C:/Projets/Unreal/UnrealFPSProject/Saved/Config/Windows/Scalability.ini]
[2020.02.01-10.19.17:596][  0]LogConfig: Setting CVar [[r.TranslucencyLightingVolumeDim:64]]
[2020.02.01-10.19.17:596][  0]LogConfig: Setting CVar [[r.RefractionQuality:2]]
[2020.02.01-10.19.17:596][  0]LogConfig: Setting CVar [[r.SSR.Quality:3]]
[2020.02.01-10.19.17:596][  0]LogConfig: Setting CVar [[r.SSR.HalfResSceneColor:0]]
[2020.02.01-10.19.17:596][  0]LogConfig: Setting CVar [[r.SceneColorFormat:4]]
[2020.02.01-10.19.17:596][  0]LogConfig: Setting CVar [[r.DetailMode:2]]
[2020.02.01-10.19.17:596][  0]LogConfig: Setting CVar [[r.TranslucencyVolumeBlur:1]]
[2020.02.01-10.19.17:596][  0]LogConfig: Setting CVar [[r.MaterialQualityLevel:1 ; High quality]]
[2020.02.01-10.19.17:596][  0]LogConfig: Setting CVar [[r.SSS.Scale:1]]
[2020.02.01-10.19.17:596][  0]LogConfig: Setting CVar [[r.SSS.SampleSet:2]]
[2020.02.01-10.19.17:596][  0]LogConfig: Setting CVar [[r.SSS.Quality:1]]
[2020.02.01-10.19.17:596][  0]LogConfig: Setting CVar [[r.SSS.HalfRes:1]]
[2020.02.01-10.19.17:596][  0]LogConfig: Setting CVar [[r.SSGI.Quality:3]]
[2020.02.01-10.19.17:596][  0]LogConfig: Setting CVar [[r.EmitterSpawnRateScale:1.0]]
[2020.02.01-10.19.17:596][  0]LogConfig: Setting CVar [[r.ParticleLightQuality:2]]
[2020.02.01-10.19.17:596][  0]LogConfig: Setting CVar [[r.SkyAtmosphere.AerialPerspectiveLUT.FastApplyOnOpaque:1 ; Always have FastSkyLUT 1 in this case to avoid wrong sky]]
[2020.02.01-10.19.17:596][  0]LogConfig: Setting CVar [[r.SkyAtmosphere.AerialPerspectiveLUT.SampleCountPerSlice:1]]
[2020.02.01-10.19.17:596][  0]LogConfig: Setting CVar [[r.SkyAtmosphere.AerialPerspectiveLUT.DepthResolution:16.0]]
[2020.02.01-10.19.17:596][  0]LogConfig: Setting CVar [[r.SkyAtmosphere.FastSkyLUT:1]]
[2020.02.01-10.19.17:596][  0]LogConfig: Setting CVar [[r.SkyAtmosphere.FastSkyLUT.SampleCountMin:4.0]]
[2020.02.01-10.19.17:596][  0]LogConfig: Setting CVar [[r.SkyAtmosphere.FastSkyLUT.SampleCountMax:32.0]]
[2020.02.01-10.19.17:596][  0]LogConfig: Setting CVar [[r.SkyAtmosphere.SampleCountMin:4.0]]
[2020.02.01-10.19.17:596][  0]LogConfig: Setting CVar [[r.SkyAtmosphere.SampleCountMax:32.0]]
[2020.02.01-10.19.17:596][  0]LogConfig: Setting CVar [[r.SkyAtmosphere.TransmittanceLUT.UseSmallFormat:0]]
[2020.02.01-10.19.17:597][  0]LogConfig: Setting CVar [[r.SkyAtmosphere.TransmittanceLUT.SampleCount:10.0]]
[2020.02.01-10.19.17:597][  0]LogConfig: Setting CVar [[r.SkyAtmosphere.MultiScatteringLUT.SampleCount:15.0]]
[2020.02.01-10.19.17:597][  0]LogConfig: Applying CVar settings from Section [FoliageQuality@3] File [C:/Projets/Unreal/UnrealFPSProject/Saved/Config/Windows/Scalability.ini]
[2020.02.01-10.19.17:597][  0]LogConfig: Setting CVar [[foliage.DensityScale:1.0]]
[2020.02.01-10.19.17:597][  0]LogConfig: Setting CVar [[grass.DensityScale:1.0]]
[2020.02.01-10.19.17:597][  0]LogConfig: Applying CVar settings from Section [ShadingQuality@3] File [C:/Projets/Unreal/UnrealFPSProject/Saved/Config/Windows/Scalability.ini]
[2020.02.01-10.19.17:597][  0]LogConfig: Setting CVar [[r.HairStrands.SkyLighting.SampleCount:16]]
[2020.02.01-10.19.17:597][  0]LogConfig: Setting CVar [[r.HairStrands.SkyLighting.JitterIntegration:0]]
[2020.02.01-10.19.17:597][  0]LogConfig: Setting CVar [[r.HairStrands.SkyAO.SampleCount:16]]
[2020.02.01-10.19.17:597][  0]LogInit: Selected Device Profile: [Windows]
[2020.02.01-10.19.17:597][  0]LogInit: Applying CVar settings loaded from the selected device profile: [Windows]
[2020.02.01-10.19.17:599][  0]LogHAL: Display: Platform has ~ 8 GB [8529817600 / 8589934592 / 8], which maps to Default [LargestMinGB=32, LargerMinGB=12, DefaultMinGB=8, SmallerMinGB=6, SmallestMinGB=0)
[2020.02.01-10.19.17:599][  0]LogInit: Going up to parent DeviceProfile []
[2020.02.01-10.19.17:599][  0]LogConfig: Applying CVar settings from Section [ViewDistanceQuality@3] File [C:/Projets/Unreal/UnrealFPSProject/Saved/Config/Windows/Scalability.ini]
[2020.02.01-10.19.17:599][  0]LogConfig: Setting CVar [[r.SkeletalMeshLODBias:0]]
[2020.02.01-10.19.17:599][  0]LogConfig: Setting CVar [[r.ViewDistanceScale:1.0]]
[2020.02.01-10.19.17:599][  0]LogConfig: Applying CVar settings from Section [AntiAliasingQuality@3] File [C:/Projets/Unreal/UnrealFPSProject/Saved/Config/Windows/Scalability.ini]
[2020.02.01-10.19.17:599][  0]LogConfig: Setting CVar [[r.PostProcessAAQuality:4]]
[2020.02.01-10.19.17:599][  0]LogConfig: Applying CVar settings from Section [ShadowQuality@3] File [C:/Projets/Unreal/UnrealFPSProject/Saved/Config/Windows/Scalability.ini]
[2020.02.01-10.19.17:599][  0]LogConfig: Setting CVar [[r.LightFunctionQuality:1]]
[2020.02.01-10.19.17:599][  0]LogConfig: Setting CVar [[r.ShadowQuality:5]]
[2020.02.01-10.19.17:599][  0]LogConfig: Setting CVar [[r.Shadow.CSM.MaxCascades:10]]
[2020.02.01-10.19.17:599][  0]LogConfig: Setting CVar [[r.Shadow.MaxResolution:2048]]
[2020.02.01-10.19.17:599][  0]LogConfig: Setting CVar [[r.Shadow.MaxCSMResolution:2048]]
[2020.02.01-10.19.17:599][  0]LogConfig: Setting CVar [[r.Shadow.RadiusThreshold:0.01]]
[2020.02.01-10.19.17:599][  0]LogConfig: Setting CVar [[r.Shadow.DistanceScale:1.0]]
[2020.02.01-10.19.17:599][  0]LogConfig: Setting CVar [[r.Shadow.CSM.TransitionScale:1.0]]
[2020.02.01-10.19.17:599][  0]LogConfig: Setting CVar [[r.Shadow.PreShadowResolutionFactor:1.0]]
[2020.02.01-10.19.17:599][  0]LogConfig: Setting CVar [[r.DistanceFieldShadowing:1]]
[2020.02.01-10.19.17:599][  0]LogConfig: Setting CVar [[r.DistanceFieldAO:1]]
[2020.02.01-10.19.17:599][  0]LogConfig: Setting CVar [[r.AOQuality:2]]
[2020.02.01-10.19.17:599][  0]LogConfig: Setting CVar [[r.VolumetricFog:1]]
[2020.02.01-10.19.17:599][  0]LogConfig: Setting CVar [[r.VolumetricFog.GridPixelSize:8]]
[2020.02.01-10.19.17:599][  0]LogConfig: Setting CVar [[r.VolumetricFog.GridSizeZ:128]]
[2020.02.01-10.19.17:599][  0]LogConfig: Setting CVar [[r.VolumetricFog.HistoryMissSupersampleCount:4]]
[2020.02.01-10.19.17:599][  0]LogConfig: Setting CVar [[r.LightMaxDrawDistanceScale:1]]
[2020.02.01-10.19.17:599][  0]LogConfig: Setting CVar [[r.CapsuleShadows:1]]
[2020.02.01-10.19.17:599][  0]LogConfig: Applying CVar settings from Section [PostProcessQuality@3] File [C:/Projets/Unreal/UnrealFPSProject/Saved/Config/Windows/Scalability.ini]
[2020.02.01-10.19.17:600][  0]LogConfig: Setting CVar [[r.MotionBlurQuality:4]]
[2020.02.01-10.19.17:600][  0]LogConfig: Setting CVar [[r.AmbientOcclusionMipLevelFactor:0.4]]
[2020.02.01-10.19.17:600][  0]LogConfig: Setting CVar [[r.AmbientOcclusionMaxQuality:100]]
[2020.02.01-10.19.17:600][  0]LogConfig: Setting CVar [[r.AmbientOcclusionLevels:-1]]
[2020.02.01-10.19.17:600][  0]LogConfig: Setting CVar [[r.AmbientOcclusionRadiusScale:1.0]]
[2020.02.01-10.19.17:600][  0]LogConfig: Setting CVar [[r.DepthOfFieldQuality:2]]
[2020.02.01-10.19.17:600][  0]LogConfig: Setting CVar [[r.RenderTargetPoolMin:400]]
[2020.02.01-10.19.17:600][  0]LogConfig: Setting CVar [[r.LensFlareQuality:2]]
[2020.02.01-10.19.17:600][  0]LogConfig: Setting CVar [[r.SceneColorFringeQuality:1]]
[2020.02.01-10.19.17:600][  0]LogConfig: Setting CVar [[r.EyeAdaptationQuality:2]]
[2020.02.01-10.19.17:600][  0]LogConfig: Setting CVar [[r.BloomQuality:5]]
[2020.02.01-10.19.17:600][  0]LogConfig: Setting CVar [[r.FastBlurThreshold:100]]
[2020.02.01-10.19.17:600][  0]LogConfig: Setting CVar [[r.Upscale.Quality:3]]
[2020.02.01-10.19.17:600][  0]LogConfig: Setting CVar [[r.Tonemapper.GrainQuantization:1]]
[2020.02.01-10.19.17:600][  0]LogConfig: Setting CVar [[r.LightShaftQuality:1]]
[2020.02.01-10.19.17:600][  0]LogConfig: Setting CVar [[r.Filter.SizeScale:1]]
[2020.02.01-10.19.17:600][  0]LogConfig: Setting CVar [[r.Tonemapper.Quality:5]]
[2020.02.01-10.19.17:600][  0]LogConfig: Setting CVar [[r.DOF.Gather.AccumulatorQuality:1        ; higher gathering accumulator quality]]
[2020.02.01-10.19.17:600][  0]LogConfig: Setting CVar [[r.DOF.Gather.PostfilterMethod:1          ; Median3x3 postfilering method]]
[2020.02.01-10.19.17:600][  0]LogConfig: Setting CVar [[r.DOF.Gather.EnableBokehSettings:0       ; no bokeh simulation when gathering]]
[2020.02.01-10.19.17:600][  0]LogConfig: Setting CVar [[r.DOF.Gather.RingCount:4                 ; medium number of samples when gathering]]
[2020.02.01-10.19.17:600][  0]LogConfig: Setting CVar [[r.DOF.Scatter.ForegroundCompositing:1    ; additive foreground scattering]]
[2020.02.01-10.19.17:600][  0]LogConfig: Setting CVar [[r.DOF.Scatter.BackgroundCompositing:2    ; additive background scattering]]
[2020.02.01-10.19.17:600][  0]LogConfig: Setting CVar [[r.DOF.Scatter.EnableBokehSettings:1      ; bokeh simulation when scattering]]
[2020.02.01-10.19.17:600][  0]LogConfig: Setting CVar [[r.DOF.Scatter.MaxSpriteRatio:0.1         ; only a maximum of 10% of scattered bokeh]]
[2020.02.01-10.19.17:600][  0]LogConfig: Setting CVar [[r.DOF.Recombine.Quality:1                ; cheap slight out of focus]]
[2020.02.01-10.19.17:600][  0]LogConfig: Setting CVar [[r.DOF.Recombine.EnableBokehSettings:0    ; no bokeh simulation on slight out of focus]]
[2020.02.01-10.19.17:600][  0]LogConfig: Setting CVar [[r.DOF.TemporalAAQuality:1                ; more stable temporal accumulation]]
[2020.02.01-10.19.17:600][  0]LogConfig: Setting CVar [[r.DOF.Kernel.MaxForegroundRadius:0.025]]
[2020.02.01-10.19.17:600][  0]LogConfig: Setting CVar [[r.DOF.Kernel.MaxBackgroundRadius:0.025]]
[2020.02.01-10.19.17:600][  0]LogConfig: Applying CVar settings from Section [TextureQuality@3] File [C:/Projets/Unreal/UnrealFPSProject/Saved/Config/Windows/Scalability.ini]
[2020.02.01-10.19.17:600][  0]LogConfig: Setting CVar [[r.Streaming.MipBias:0]]
[2020.02.01-10.19.17:600][  0]LogConfig: Setting CVar [[r.Streaming.AmortizeCPUToGPUCopy:0]]
[2020.02.01-10.19.17:600][  0]LogConfig: Setting CVar [[r.Streaming.MaxNumTexturesToStreamPerFrame:0]]
[2020.02.01-10.19.17:600][  0]LogConfig: Setting CVar [[r.Streaming.Boost:1]]
[2020.02.01-10.19.17:600][  0]LogConfig: Setting CVar [[r.MaxAnisotropy:8]]
[2020.02.01-10.19.17:600][  0]LogConfig: Setting CVar [[r.VT.MaxAnisotropy:8]]
[2020.02.01-10.19.17:600][  0]LogConfig: Setting CVar [[r.Streaming.LimitPoolSizeToVRAM:0]]
[2020.02.01-10.19.17:600][  0]LogConfig: Setting CVar [[r.Streaming.PoolSize:1000]]
[2020.02.01-10.19.17:600][  0]LogConfig: Setting CVar [[r.Streaming.MaxEffectiveScreenSize:0]]
[2020.02.01-10.19.17:600][  0]LogConfig: Applying CVar settings from Section [EffectsQuality@3] File [C:/Projets/Unreal/UnrealFPSProject/Saved/Config/Windows/Scalability.ini]
[2020.02.01-10.19.17:600][  0]LogConfig: Setting CVar [[r.TranslucencyLightingVolumeDim:64]]
[2020.02.01-10.19.17:600][  0]LogConfig: Setting CVar [[r.RefractionQuality:2]]
[2020.02.01-10.19.17:600][  0]LogConfig: Setting CVar [[r.SSR.Quality:3]]
[2020.02.01-10.19.17:600][  0]LogConfig: Setting CVar [[r.SSR.HalfResSceneColor:0]]
[2020.02.01-10.19.17:600][  0]LogConfig: Setting CVar [[r.SceneColorFormat:4]]
[2020.02.01-10.19.17:600][  0]LogConfig: Setting CVar [[r.DetailMode:2]]
[2020.02.01-10.19.17:600][  0]LogConfig: Setting CVar [[r.TranslucencyVolumeBlur:1]]
[2020.02.01-10.19.17:600][  0]LogConfig: Setting CVar [[r.MaterialQualityLevel:1 ; High quality]]
[2020.02.01-10.19.17:600][  0]LogConfig: Setting CVar [[r.SSS.Scale:1]]
[2020.02.01-10.19.17:600][  0]LogConfig: Setting CVar [[r.SSS.SampleSet:2]]
[2020.02.01-10.19.17:600][  0]LogConfig: Setting CVar [[r.SSS.Quality:1]]
[2020.02.01-10.19.17:600][  0]LogConfig: Setting CVar [[r.SSS.HalfRes:1]]
[2020.02.01-10.19.17:600][  0]LogConfig: Setting CVar [[r.SSGI.Quality:3]]
[2020.02.01-10.19.17:600][  0]LogConfig: Setting CVar [[r.EmitterSpawnRateScale:1.0]]
[2020.02.01-10.19.17:600][  0]LogConfig: Setting CVar [[r.ParticleLightQuality:2]]
[2020.02.01-10.19.17:600][  0]LogConfig: Setting CVar [[r.SkyAtmosphere.AerialPerspectiveLUT.FastApplyOnOpaque:1 ; Always have FastSkyLUT 1 in this case to avoid wrong sky]]
[2020.02.01-10.19.17:600][  0]LogConfig: Setting CVar [[r.SkyAtmosphere.AerialPerspectiveLUT.SampleCountPerSlice:1]]
[2020.02.01-10.19.17:600][  0]LogConfig: Setting CVar [[r.SkyAtmosphere.AerialPerspectiveLUT.DepthResolution:16.0]]
[2020.02.01-10.19.17:600][  0]LogConfig: Setting CVar [[r.SkyAtmosphere.FastSkyLUT:1]]
[2020.02.01-10.19.17:600][  0]LogConfig: Setting CVar [[r.SkyAtmosphere.FastSkyLUT.SampleCountMin:4.0]]
[2020.02.01-10.19.17:600][  0]LogConfig: Setting CVar [[r.SkyAtmosphere.FastSkyLUT.SampleCountMax:32.0]]
[2020.02.01-10.19.17:600][  0]LogConfig: Setting CVar [[r.SkyAtmosphere.SampleCountMin:4.0]]
[2020.02.01-10.19.17:600][  0]LogConfig: Setting CVar [[r.SkyAtmosphere.SampleCountMax:32.0]]
[2020.02.01-10.19.17:600][  0]LogConfig: Setting CVar [[r.SkyAtmosphere.TransmittanceLUT.UseSmallFormat:0]]
[2020.02.01-10.19.17:600][  0]LogConfig: Setting CVar [[r.SkyAtmosphere.TransmittanceLUT.SampleCount:10.0]]
[2020.02.01-10.19.17:600][  0]LogConfig: Setting CVar [[r.SkyAtmosphere.MultiScatteringLUT.SampleCount:15.0]]
[2020.02.01-10.19.17:600][  0]LogConfig: Applying CVar settings from Section [FoliageQuality@3] File [C:/Projets/Unreal/UnrealFPSProject/Saved/Config/Windows/Scalability.ini]
[2020.02.01-10.19.17:600][  0]LogConfig: Setting CVar [[foliage.DensityScale:1.0]]
[2020.02.01-10.19.17:600][  0]LogConfig: Setting CVar [[grass.DensityScale:1.0]]
[2020.02.01-10.19.17:601][  0]LogConfig: Applying CVar settings from Section [ShadingQuality@3] File [C:/Projets/Unreal/UnrealFPSProject/Saved/Config/Windows/Scalability.ini]
[2020.02.01-10.19.17:601][  0]LogConfig: Setting CVar [[r.HairStrands.SkyLighting.SampleCount:16]]
[2020.02.01-10.19.17:601][  0]LogConfig: Setting CVar [[r.HairStrands.SkyLighting.JitterIntegration:0]]
[2020.02.01-10.19.17:601][  0]LogConfig: Setting CVar [[r.HairStrands.SkyAO.SampleCount:16]]
[2020.02.01-10.19.17:601][  0]LogConfig: Applying CVar settings from Section [Startup] File [../../../Engine/Config/ConsoleVariables.ini]
[2020.02.01-10.19.17:601][  0]LogConfig: Setting CVar [[net.UseAdaptiveNetUpdateFrequency:0]]
[2020.02.01-10.19.17:601][  0]LogConfig: Setting CVar [[p.chaos.AllowCreatePhysxBodies:1]]
[2020.02.01-10.19.17:601][  0]LogConfig: Applying CVar settings from Section [ConsoleVariables] File [C:/Projets/Unreal/UnrealFPSProject/Saved/Config/Windows/Engine.ini]
[2020.02.01-10.19.17:601][  0]LogInit: Computer: DESKTOP-OK2PGKH
[2020.02.01-10.19.17:601][  0]LogInit: User: Pierre
[2020.02.01-10.19.17:601][  0]LogInit: CPU Page size=4096, Cores=6
[2020.02.01-10.19.17:601][  0]LogInit: High frequency timer resolution =10.000000 MHz
[2020.02.01-10.19.17:601][  0]LogMemory: Memory total: Physical=7.9GB (8GB approx)
[2020.02.01-10.19.17:601][  0]LogMemory: Platform Memory Stats for Windows
[2020.02.01-10.19.17:601][  0]LogMemory: Process Physical Memory: 104.55 MB used, 104.55 MB peak
[2020.02.01-10.19.17:601][  0]LogMemory: Process Virtual Memory: 100.38 MB used, 100.38 MB peak
[2020.02.01-10.19.17:601][  0]LogMemory: Physical Memory: 5269.55 MB used,  2865.11 MB free, 8134.67 MB total
[2020.02.01-10.19.17:601][  0]LogMemory: Virtual Memory: 5097.14 MB used,  134212632.00 MB free, 134217728.00 MB total
[2020.02.01-10.19.17:603][  0]LogWindows: WindowsPlatformFeatures enabled
[2020.02.01-10.19.17:621][  0]LogInit: Using OS detected language (fr-FR).
[2020.02.01-10.19.17:621][  0]LogInit: Using OS detected locale (fr-FR).
[2020.02.01-10.19.17:622][  0]LogTextLocalizationManager: No specific localization for 'fr-FR' exists, so the 'fr' localization will be used.
[2020.02.01-10.19.17:622][  0]LogTextLocalizationResource: LocRes '../../../Engine/Content/Localization/Editor/fr/Editor.locres' could not be opened for reading!
[2020.02.01-10.19.17:622][  0]LogTextLocalizationResource: LocRes '../../../Engine/Content/Localization/EditorTutorials/fr/EditorTutorials.locres' could not be opened for reading!
[2020.02.01-10.19.17:622][  0]LogTextLocalizationResource: LocRes '../../../Engine/Content/Localization/Keywords/fr/Keywords.locres' could not be opened for reading!
[2020.02.01-10.19.17:622][  0]LogTextLocalizationResource: LocRes '../../../Engine/Content/Localization/Category/fr/Category.locres' could not be opened for reading!
[2020.02.01-10.19.17:623][  0]LogTextLocalizationResource: LocRes '../../../Engine/Content/Localization/ToolTips/fr/ToolTips.locres' could not be opened for reading!
[2020.02.01-10.19.17:623][  0]LogTextLocalizationResource: LocRes '../../../Engine/Content/Localization/PropertyNames/fr/PropertyNames.locres' could not be opened for reading!
[2020.02.01-10.19.17:623][  0]LogTextLocalizationResource: LocRes '../../../Engine/Content/Localization/Engine/fr/Engine.locres' could not be opened for reading!
[2020.02.01-10.19.17:624][  0]LogInit: Setting process to per monitor DPI aware
[2020.02.01-10.19.17:651][  0]LogSlate: New Slate User Created.  User Index 0, Is Virtual User: 0
[2020.02.01-10.19.17:651][  0]LogSlate: Slate User Registered.  User Index 0, Is Virtual User: 0
[2020.02.01-10.19.17:801][  0]LogHMD: Failed to initialize OpenVR with code 110
[2020.02.01-10.19.17:801][  0]LogD3D11RHI: D3D11 min allowed feature level: 11_0
[2020.02.01-10.19.17:801][  0]LogD3D11RHI: D3D11 max allowed feature level: 11_0
[2020.02.01-10.19.17:801][  0]LogD3D11RHI: D3D11 adapters:
[2020.02.01-10.19.17:862][  0]LogD3D11RHI:    0. 'NVIDIA GeForce GTX 980 Ti' (Feature Level 11_0)
[2020.02.01-10.19.17:862][  0]LogD3D11RHI:       6097/0/4067 MB DedicatedVideo/DedicatedSystem/SharedSystem, Outputs:2, VendorId:0x10de
[2020.02.01-10.19.17:864][  0]LogD3D11RHI:    1. 'Microsoft Basic Render Driver' (Feature Level 11_0)
[2020.02.01-10.19.17:864][  0]LogD3D11RHI:       0/0/4067 MB DedicatedVideo/DedicatedSystem/SharedSystem, Outputs:0, VendorId:0x1414
[2020.02.01-10.19.17:864][  0]LogD3D11RHI: Chosen D3D11 Adapter: 0
[2020.02.01-10.19.17:870][  0]LogD3D11RHI: Creating new Direct3DDevice
[2020.02.01-10.19.17:870][  0]LogD3D11RHI:     GPU DeviceId: 0x17c8 (for the marketing name, search the web for "GPU Device Id")
[2020.02.01-10.19.17:870][  0]LogWindows: EnumDisplayDevices:
[2020.02.01-10.19.17:871][  0]LogWindows:    0. 'NVIDIA GeForce GTX 980 Ti' (P:1 D:1)
[2020.02.01-10.19.17:871][  0]LogWindows:    1. 'NVIDIA GeForce GTX 980 Ti' (P:0 D:1)
[2020.02.01-10.19.17:871][  0]LogWindows:    2. 'NVIDIA GeForce GTX 980 Ti' (P:0 D:0)
[2020.02.01-10.19.17:872][  0]LogWindows:    3. 'NVIDIA GeForce GTX 980 Ti' (P:0 D:0)
[2020.02.01-10.19.17:872][  0]LogWindows: DebugString: FoundDriverCount:4 
[2020.02.01-10.19.17:872][  0]LogD3D11RHI:     Adapter Name: NVIDIA GeForce GTX 980 Ti
[2020.02.01-10.19.17:872][  0]LogD3D11RHI:   Driver Version: 441.87 (internal:26.21.14.4187, unified:441.87)
[2020.02.01-10.19.17:872][  0]LogD3D11RHI:      Driver Date: 12-24-2019
[2020.02.01-10.19.17:872][  0]LogRHI: Texture pool is 4268 MB (70% of 6097 MB)
[2020.02.01-10.19.17:906][  0]LogD3D11RHI: RHI has support for 64 bit atomics
[2020.02.01-10.19.17:906][  0]LogD3D11RHI: Async texture creation enabled
[2020.02.01-10.19.17:920][  0]LogD3D11RHI: GPU Timing Frequency: 1000.000000 (Debug: 2 1)
[2020.02.01-10.19.18:214][  0]LogTargetPlatformManager: Display: Loaded TargetPlatform 'AllDesktop'
[2020.02.01-10.19.18:240][  0]LogTargetPlatformManager: Display: Loaded TargetPlatform 'Android'
[2020.02.01-10.19.18:240][  0]LogTargetPlatformManager: Display: Loaded TargetPlatform 'Android_ASTC'
[2020.02.01-10.19.18:240][  0]LogTargetPlatformManager: Display: Loaded TargetPlatform 'Android_ATC'
[2020.02.01-10.19.18:240][  0]LogTargetPlatformManager: Display: Loaded TargetPlatform 'Android_DXT'
[2020.02.01-10.19.18:240][  0]LogTargetPlatformManager: Display: Loaded TargetPlatform 'Android_ETC1'
[2020.02.01-10.19.18:240][  0]LogTargetPlatformManager: Display: Loaded TargetPlatform 'Android_ETC1a'
[2020.02.01-10.19.18:240][  0]LogTargetPlatformManager: Display: Loaded TargetPlatform 'Android_ETC2'
[2020.02.01-10.19.18:240][  0]LogTargetPlatformManager: Display: Loaded TargetPlatform 'Android_PVRTC'
[2020.02.01-10.19.18:240][  0]LogTargetPlatformManager: Display: Loaded TargetPlatform 'AndroidClient'
[2020.02.01-10.19.18:240][  0]LogTargetPlatformManager: Display: Loaded TargetPlatform 'Android_ASTCClient'
[2020.02.01-10.19.18:240][  0]LogTargetPlatformManager: Display: Loaded TargetPlatform 'Android_ATCClient'
[2020.02.01-10.19.18:240][  0]LogTargetPlatformManager: Display: Loaded TargetPlatform 'Android_DXTClient'
[2020.02.01-10.19.18:240][  0]LogTargetPlatformManager: Display: Loaded TargetPlatform 'Android_ETC1Client'
[2020.02.01-10.19.18:241][  0]LogTargetPlatformManager: Display: Loaded TargetPlatform 'Android_ETC1aClient'
[2020.02.01-10.19.18:241][  0]LogTargetPlatformManager: Display: Loaded TargetPlatform 'Android_ETC2Client'
[2020.02.01-10.19.18:241][  0]LogTargetPlatformManager: Display: Loaded TargetPlatform 'Android_PVRTCClient'
[2020.02.01-10.19.18:241][  0]LogTargetPlatformManager: Display: Loaded TargetPlatform 'Android_Multi'
[2020.02.01-10.19.18:241][  0]LogTargetPlatformManager: Display: Loaded TargetPlatform 'Android_MultiClient'
[2020.02.01-10.19.18:256][  0]LogTargetPlatformManager: Display: Loaded TargetPlatform 'IOSClient'
[2020.02.01-10.19.18:256][  0]LogTargetPlatformManager: Display: Loaded TargetPlatform 'IOS'
[2020.02.01-10.19.18:263][  0]LogTargetPlatformManager: Display: Loaded TargetPlatform 'LinuxNoEditor'
[2020.02.01-10.19.18:269][  0]LogTargetPlatformManager: Display: Loaded TargetPlatform 'LinuxClient'
[2020.02.01-10.19.18:275][  0]LogTargetPlatformManager: Display: Loaded TargetPlatform 'LinuxServer'
[2020.02.01-10.19.18:281][  0]LogTargetPlatformManager: Display: Loaded TargetPlatform 'LinuxAArch64NoEditor'
[2020.02.01-10.19.18:287][  0]LogTargetPlatformManager: Display: Loaded TargetPlatform 'LinuxAArch64Client'
[2020.02.01-10.19.18:294][  0]LogTargetPlatformManager: Display: Loaded TargetPlatform 'LinuxAArch64Server'
[2020.02.01-10.19.18:314][  0]LogTargetPlatformManager: Display: Loaded TargetPlatform 'Lumin'
[2020.02.01-10.19.18:314][  0]LogTargetPlatformManager: Display: Loaded TargetPlatform 'LuminClient'
[2020.02.01-10.19.18:327][  0]LogTargetPlatformManager: Display: Loaded TargetPlatform 'TVOSClient'
[2020.02.01-10.19.18:327][  0]LogTargetPlatformManager: Display: Loaded TargetPlatform 'TVOS'
[2020.02.01-10.19.18:333][  0]LogTargetPlatformManager: Display: Loaded TargetPlatform 'WindowsNoEditor'
[2020.02.01-10.19.18:340][  0]LogTargetPlatformManager: Display: Loaded TargetPlatform 'Windows'
[2020.02.01-10.19.18:346][  0]LogTargetPlatformManager: Display: Loaded TargetPlatform 'WindowsClient'
[2020.02.01-10.19.18:352][  0]LogTargetPlatformManager: Display: Loaded TargetPlatform 'WindowsServer'
[2020.02.01-10.19.18:352][  0]LogTargetPlatformManager: Display: Building Assets For Windows
[2020.02.01-10.19.18:355][  0]LogAudioDebug: Display: Lib vorbis DLL was dynamically loaded.
[2020.02.01-10.19.18:377][  0]LogShaderCompilers: Guid format shader working directory is 3 characters bigger than the processId version (../../../../Projets/Unreal/UnrealFPSProject/Intermediate/Shaders/WorkingDirectory/16768/).
[2020.02.01-10.19.18:378][  0]LogShaderCompilers: Cleaned the shader compiler working directory 'C:/Users/Pierre/AppData/Local/Temp/UnrealShaderWorkingDir/890D32B34615BA4A563BBE823565E0F2/'.
[2020.02.01-10.19.18:378][  0]LogXGEController: Cannot use XGE Controller as Incredibuild is not installed on this machine.
[2020.02.01-10.19.18:378][  0]LogShaderCompilers: Cannot use XGE Shader Compiler as Incredibuild is not installed on this machine.
[2020.02.01-10.19.18:378][  0]LogShaderCompilers: Display: Using Local Shader Compiler.
[2020.02.01-10.19.18:977][  0]LogDerivedDataCache: Display: Max Cache Size: 512 MB
[2020.02.01-10.19.19:024][  0]LogDerivedDataCache: Loaded boot cache 0.05s 78MB C:/Users/Pierre/AppData/Local/UnrealEngine/4.24/DerivedDataCache/Boot.ddc.
[2020.02.01-10.19.19:024][  0]LogDerivedDataCache: Display: Loaded Boot cache: C:/Users/Pierre/AppData/Local/UnrealEngine/4.24/DerivedDataCache/Boot.ddc
[2020.02.01-10.19.19:024][  0]LogDerivedDataCache: FDerivedDataBackendGraph:  Pak pak cache file ../../../../Projets/Unreal/UnrealFPSProject/DerivedDataCache/DDC.ddp not found, will not use a pak cache.
[2020.02.01-10.19.19:024][  0]LogDerivedDataCache: Unable to find inner node Pak for hierarchical cache Hierarchy.
[2020.02.01-10.19.19:025][  0]LogDerivedDataCache: FDerivedDataBackendGraph:  CompressedPak pak cache file ../../../../Projets/Unreal/UnrealFPSProject/DerivedDataCache/Compressed.ddp not found, will not use a pak cache.
[2020.02.01-10.19.19:025][  0]LogDerivedDataCache: Unable to find inner node CompressedPak for hierarchical cache Hierarchy.
[2020.02.01-10.19.19:033][  0]LogDerivedDataCache: Display: Pak cache opened for reading ../../../Engine/DerivedDataCache/Compressed.ddp.
[2020.02.01-10.19.19:033][  0]LogDerivedDataCache: FDerivedDataBackendGraph:  EnterprisePak pak cache file ../../../Enterprise/DerivedDataCache/Compressed.ddp not found, will not use a pak cache.
[2020.02.01-10.19.19:033][  0]LogDerivedDataCache: Unable to find inner node EnterprisePak for hierarchical cache Hierarchy.
[2020.02.01-10.19.19:034][  0]LogDerivedDataCache: Using Local data cache path C:/Users/Pierre/AppData/Local/UnrealEngine/Common/DerivedDataCache: Writable
[2020.02.01-10.19.19:034][  0]LogDerivedDataCache: Shared data cache path not found in *engine.ini, will not use an Shared cache.
[2020.02.01-10.19.19:034][  0]LogDerivedDataCache: Unable to find inner node Shared for hierarchical cache Hierarchy.
[2020.02.01-10.19.19:055][  0]LogMaterial: Verifying Global Shaders for PCD3D_SM5
[2020.02.01-10.19.19:057][  0]LogSlate: Using FreeType 2.10.0
[2020.02.01-10.19.19:058][  0]LogSlate: SlateFontServices - WITH_FREETYPE: 1, WITH_HARFBUZZ: 1
[2020.02.01-10.19.19:116][  0]LogAssetRegistry: FAssetRegistry took 0.0021 seconds to start up
[2020.02.01-10.19.19:351][  0]LogInit: Selected Device Profile: [Windows]
[2020.02.01-10.19.19:480][  0]LogMeshReduction: Using QuadricMeshReduction for automatic static mesh reduction
[2020.02.01-10.19.19:480][  0]LogMeshReduction: Using SimplygonMeshReduction for automatic skeletal mesh reduction
[2020.02.01-10.19.19:480][  0]LogMeshReduction: Using ProxyLODMeshReduction for automatic mesh merging
[2020.02.01-10.19.19:480][  0]LogMeshReduction: No distributed automatic mesh merging module available
[2020.02.01-10.19.19:480][  0]LogMeshMerging: No distributed automatic mesh merging module available
[2020.02.01-10.19.19:494][  0]LogNetVersion: UnrealFPSProject 1.0.0, NetCL: 10570792, EngineNetVer: 13, GameNetVer: 0 (Checksum: 3690045059)
[2020.02.01-10.19.20:422][  0]LogPackageLocalizationCache: Processed 10 localized package path(s) for 1 prioritized culture(s) in 0.029943 seconds
[2020.02.01-10.19.20:428][  0]LogUObjectArray: 46750 objects as part of root set at end of initial load.
[2020.02.01-10.19.20:428][  0]LogUObjectAllocator: 8137160 out of 0 bytes used by permanent object pool.
[2020.02.01-10.19.20:428][  0]LogUObjectArray: CloseDisregardForGC: 0/0 objects in disregard for GC pool
[2020.02.01-10.19.20:756][  0]LogTcpMessaging: Initializing TcpMessaging bridge
[2020.02.01-10.19.20:758][  0]LogUdpMessaging: Initializing bridge on interface 0.0.0.0:0 to multicast group 230.0.0.1:6666.
[2020.02.01-10.19.20:800][  0]SourceControl: Source control is disabled
[2020.02.01-10.19.20:800][  0]SourceControl: Source control is disabled
[2020.02.01-10.19.20:801][  0]SourceControl: Source control is disabled
[2020.02.01-10.19.20:802][  0]SourceControl: Source control is disabled
[2020.02.01-10.19.20:803][  0]SourceControl: Source control is disabled
[2020.02.01-10.19.20:873][  0]LogAndroidPermission: UAndroidPermissionCallbackProxy::GetInstance
[2020.02.01-10.19.20:882][  0]LogAudioCaptureCore: Display: No Audio Capture implementations found. Audio input will be silent.
[2020.02.01-10.19.20:882][  0]LogAudioCaptureCore: Display: No Audio Capture implementations found. Audio input will be silent.
[2020.02.01-10.19.20:952][  0]LogOcInput: OculusInput pre-init called
[2020.02.01-10.19.20:959][  0]LogWindows: Failed to load 'OVRPlugin.dll' (GetLastError=126)
[2020.02.01-10.19.20:959][  0]LogWindows: File 'OVRPlugin.dll' does not exist
[2020.02.01-10.19.21:013][  0]LogEngine: Initializing Engine...
[2020.02.01-10.19.21:014][  0]LogHMD: Failed to initialize OpenVR with code 110
[2020.02.01-10.19.21:014][  0]LogStats: UGameplayTagsManager::InitializeManager -  0.000 s
[2020.02.01-10.19.21:290][  0]LogInit: Initializing FReadOnlyCVARCache
[2020.02.01-10.19.21:296][  0]LogAIModule: Creating AISystem for world Untitled
[2020.02.01-10.19.21:312][  0]LogAudioMixer: Display: Audio Mixer Platform Settings:
[2020.02.01-10.19.21:312][  0]LogAudioMixer: Display: 	Sample Rate:						  48000
[2020.02.01-10.19.21:312][  0]LogAudioMixer: Display: 	Callback Buffer Frame Size Requested: 1024
[2020.02.01-10.19.21:312][  0]LogAudioMixer: Display: 	Callback Buffer Frame Size To Use:	  1024
[2020.02.01-10.19.21:312][  0]LogAudioMixer: Display: 	Number of buffers to queue:			  2
[2020.02.01-10.19.21:312][  0]LogAudioMixer: Display: 	Max Channels (voices):				  32
[2020.02.01-10.19.21:312][  0]LogAudioMixer: Display: 	Number of Async Source Workers:		  0
[2020.02.01-10.19.21:312][  0]LogAudio: Display: AudioDevice MaxSources: 32
[2020.02.01-10.19.21:312][  0]LogAudio: Display: Using built-in audio occlusion.
[2020.02.01-10.19.21:312][  0]LogAudioMixer: Display: Initializing audio mixer.
[2020.02.01-10.19.21:325][  0]LogAudioMixer: Display: Audio Device Output Speaker Info:
[2020.02.01-10.19.21:325][  0]LogAudioMixer: Display: Name: Casque (High Definition Audio Device)
[2020.02.01-10.19.21:325][  0]LogAudioMixer: Display: Is Default: Yes
[2020.02.01-10.19.21:325][  0]LogAudioMixer: Display: Sample Rate: 48000
[2020.02.01-10.19.21:325][  0]LogAudioMixer: Display: Channel Count Used: 2
[2020.02.01-10.19.21:325][  0]LogAudioMixer: Display: Device Channel Count: 2
[2020.02.01-10.19.21:325][  0]LogAudioMixer: Display: Channel Order:
[2020.02.01-10.19.21:325][  0]LogAudioMixer: Display: 0: FrontLeft
[2020.02.01-10.19.21:325][  0]LogAudioMixer: Display: 1: FrontRight
[2020.02.01-10.19.21:344][  0]LogAudioMixer: Display: Using Audio Device Casque (High Definition Audio Device)
[2020.02.01-10.19.21:349][  0]LogInit: FAudioDevice initialized.
[2020.02.01-10.19.21:350][  0]LogNetVersion: Set ProjectVersion to 1.0.0.0. Version Checksum will be recalculated on next use.
[2020.02.01-10.19.21:393][  0]LogDerivedDataCache: Saved boot cache 0.04s 78MB C:/Users/Pierre/AppData/Local/UnrealEngine/4.24/DerivedDataCache/Boot.ddc.
[2020.02.01-10.19.21:397][  0]LogInit: Texture streaming: Enabled
[2020.02.01-10.19.21:409][  0]LogEngineSessionManager: EngineSessionManager initialized
[2020.02.01-10.19.21:409][  0]LogEditorSessionSummary: Verbose: Initializing EditorSessionSummaryWriter for editor session tracking
[2020.02.01-10.19.21:417][  0]LogEditorSessionSummary: EditorSessionSummaryWriter initialized
[2020.02.01-10.19.21:445][  0]LogInit: Transaction tracking system initialized
[2020.02.01-10.19.21:454][  0]BlueprintLog: New page: Editor Load
[2020.02.01-10.19.21:480][  0]LocalizationService: Localization service is disabled
[2020.02.01-10.19.21:749][  0]LogFileCache: Scanning file cache for directory 'C:/Projets/Unreal/UnrealFPSProject/Content/' took 0.01s
[2020.02.01-10.19.21:749][  0]LogCook: Display: Max memory allowance for cook 16384mb min free memory 0mb
[2020.02.01-10.19.21:749][  0]LogCook: Display: Mobile HDR setting 1
[2020.02.01-10.19.22:419][  0]SourceControl: Source control is disabled
[2020.02.01-10.19.22:419][  0]Cmd: MAP LOAD FILE="../../../../Projets/Unreal/UnrealFPSProject/Content/FirstPersonBP/Maps/FirstPersonExampleMap.umap" TEMPLATE=0 SHOWPROGRESS=1 FEATURELEVEL=3
[2020.02.01-10.19.22:420][  0]LightingResults: New page: Lighting Build
[2020.02.01-10.19.22:421][  0]LogWorld: UWorld::CleanupWorld for Untitled, bSessionEnded=true, bCleanupResources=true
[2020.02.01-10.19.22:421][  0]LogSlate: InvalidateAllWidgets triggered.  All widgets were invalidated
[2020.02.01-10.19.22:421][  0]MapCheck: New page: Map Check
[2020.02.01-10.19.22:421][  0]LightingResults: New page: Lighting Build
[2020.02.01-10.19.22:445][  0]LogUObjectHash: Compacting FUObjectHashTables data took   1.62ms
[2020.02.01-10.19.22:715][  0]LogAIModule: Creating AISystem for world FirstPersonExampleMap
[2020.02.01-10.19.22:723][  0]LogEditorServer: Finished looking for orphan Actors (0.000 secs)
[2020.02.01-10.19.22:747][  0]LogUObjectHash: Compacting FUObjectHashTables data took   1.73ms
[2020.02.01-10.19.22:747][  0]Cmd: MAP CHECKDEP NOCLEARLOG
[2020.02.01-10.19.22:747][  0]MapCheck: Map check complete: 0 Error(s), 0 Warning(s), took 0,148ms to complete.
[2020.02.01-10.19.22:747][  0]LogFileHelpers: Loading map 'FirstPersonExampleMap' took 0.328
[2020.02.01-10.19.22:881][  0]LogCollectionManager: Loaded 0 collections in 0.002435 seconds
[2020.02.01-10.19.22:891][  0]LogFileCache: Scanning file cache for directory 'C:/Projets/Unreal/UnrealFPSProject/Saved/Collections/' took 0.00s
[2020.02.01-10.19.22:891][  0]LogFileCache: Scanning file cache for directory 'C:/Projets/Unreal/UnrealFPSProject/Content/Developers/Pierre/Collections/' took 0.00s
[2020.02.01-10.19.22:891][  0]LogFileCache: Scanning file cache for directory 'C:/Projets/Unreal/UnrealFPSProject/Content/Collections/' took 0.00s
[2020.02.01-10.19.22:891][  0]LogContentBrowser: Native class hierarchy populated in 0.0066 seconds. Added 3015 classes and 717 folders.
[2020.02.01-10.19.22:896][  0]LogContentBrowser: Native class hierarchy updated for 'WidgetCarousel' in 0.0002 seconds. Added 0 classes and 0 folders.
[2020.02.01-10.19.23:011][  0]LogContentBrowser: Native class hierarchy updated for 'AddContentDialog' in 0.0002 seconds. Added 0 classes and 0 folders.
[2020.02.01-10.19.23:029][  0]LogSlate: Updating window title bar state: overlay mode, drag disabled, window buttons hidden, title bar hidden
[2020.02.01-10.19.23:034][  0]LogSlate: Updating window title bar state: overlay mode, drag disabled, window buttons hidden, title bar hidden
[2020.02.01-10.19.23:041][  0]LogSlate: Updating window title bar state: overlay mode, drag disabled, window buttons hidden, title bar hidden
[2020.02.01-10.19.23:046][  0]LogSlate: Updating window title bar state: overlay mode, drag disabled, window buttons hidden, title bar hidden
[2020.02.01-10.19.23:061][  0]LogContentBrowser: Native class hierarchy updated for 'SceneOutliner' in 0.0002 seconds. Added 2 classes and 3 folders.
[2020.02.01-10.19.23:187][  0]LogSlate: Took 0.000212 seconds to synchronously load lazily loaded font '../../../Engine/Content/Slate/Fonts/Roboto-Regular.ttf' (155K)
[2020.02.01-10.19.23:193][  0]LogSlate: Took 0.004388 seconds to synchronously load lazily loaded font '../../../Engine/Content/Slate/Fonts/DroidSansFallback.ttf' (3848K)
[2020.02.01-10.19.23:193][  0]LogSlate: Took 0.000173 seconds to synchronously load lazily loaded font '../../../Engine/Content/Slate/Fonts/Roboto-Bold.ttf' (160K)
[2020.02.01-10.19.23:265][  0]LogRenderer: Reallocating scene render targets to support 824x924 Format 10 NumSamples 1 (Frame:1).
[2020.02.01-10.19.23:351][  0]LogContentBrowser: Native class hierarchy updated for 'HierarchicalLODOutliner' in 0.0002 seconds. Added 0 classes and 0 folders.
[2020.02.01-10.19.23:351][  0]LogLoad: (Engine Initialization) Total time: 7.57 seconds
[2020.02.01-10.19.23:351][  0]LogLoad: (Engine Initialization) Total Blueprint compile time: 0.00 seconds
[2020.02.01-10.19.23:392][  0]LogAssetRegistry: Asset discovery search completed in 4.2770 seconds
[2020.02.01-10.19.23:394][  0]LogCollectionManager: Fixed up redirectors for 0 collections in 0.000007 seconds (updated 0 objects)
[2020.02.01-10.19.23:395][  0]LogContentStreaming: Texture pool size now 1000 MB
[2020.02.01-10.22.06:322][511]LogSlate: Window 'Editor Preferences' being destroyed
[2020.02.01-10.22.06:325][511]LogSlate: Window 'Editor Preferences' being destroyed
[2020.02.01-10.22.12:034][163]LogTemp: Repeating last play command: Selected Viewport
[2020.02.01-10.22.12:042][163]LogBlueprintUserMessages: Early PlayInEditor Detection: Level '/Game/FirstPersonBP/Maps/FirstPersonExampleMap.FirstPersonExampleMap:PersistentLevel' has LevelScriptBlueprint '/Game/FirstPersonBP/Maps/FirstPersonExampleMap.FirstPersonExampleMap:PersistentLevel.FirstPersonExampleMap' with GeneratedClass '/Game/FirstPersonBP/Maps/FirstPersonExampleMap.FirstPersonExampleMap_C' with ClassGeneratedBy '/Game/FirstPersonBP/Maps/FirstPersonExampleMap.FirstPersonExampleMap:PersistentLevel.FirstPersonExampleMap'
[2020.02.01-10.22.12:045][163]LogPlayLevel: PlayLevel: No blueprints needed recompiling
[2020.02.01-10.22.12:049][163]PIE: New page: PIE session: FirstPersonExampleMap (1 févr. 2020 à 12:22:12)
[2020.02.01-10.22.12:050][163]LogOnline: OSS: Creating online subsystem instance for: NULL
[2020.02.01-10.22.12:051][163]LogOnline: OSS: TryLoadSubsystemAndSetDefault: Loaded subsystem for module [NULL]
[2020.02.01-10.22.12:052][163]LogPlayLevel: Creating play world package: /Game/FirstPersonBP/Maps/UEDPIE_0_FirstPersonExampleMap
[2020.02.01-10.22.12:066][163]LogPlayLevel: PIE: StaticDuplicateObject took: (0.014687s)
[2020.02.01-10.22.12:068][163]LogAIModule: Creating AISystem for world FirstPersonExampleMap
[2020.02.01-10.22.12:068][163]LogPlayLevel: PIE: World Init took: (0.001989s)
[2020.02.01-10.22.12:069][163]LogPlayLevel: PIE: Created PIE world by copying editor world from /Game/FirstPersonBP/Maps/FirstPersonExampleMap.FirstPersonExampleMap to /Game/FirstPersonBP/Maps/UEDPIE_0_FirstPersonExampleMap.FirstPersonExampleMap (0.017173s)
[2020.02.01-10.22.12:092][163]LogUObjectHash: Compacting FUObjectHashTables data took   1.26ms
[2020.02.01-10.22.12:095][163]LogAudioMixer: Display: Audio Mixer Platform Settings:
[2020.02.01-10.22.12:095][163]LogAudioMixer: Display: 	Sample Rate:						  48000
[2020.02.01-10.22.12:095][163]LogAudioMixer: Display: 	Callback Buffer Frame Size Requested: 1024
[2020.02.01-10.22.12:095][163]LogAudioMixer: Display: 	Callback Buffer Frame Size To Use:	  1024
[2020.02.01-10.22.12:095][163]LogAudioMixer: Display: 	Number of buffers to queue:			  2
[2020.02.01-10.22.12:095][163]LogAudioMixer: Display: 	Max Channels (voices):				  32
[2020.02.01-10.22.12:095][163]LogAudioMixer: Display: 	Number of Async Source Workers:		  0
[2020.02.01-10.22.12:095][163]LogAudio: Display: AudioDevice MaxSources: 32
[2020.02.01-10.22.12:095][163]LogAudio: Display: Using built-in audio occlusion.
[2020.02.01-10.22.12:095][163]LogAudioMixer: Display: Initializing audio mixer.
[2020.02.01-10.22.12:104][163]LogAudioMixer: Display: Audio Device Output Speaker Info:
[2020.02.01-10.22.12:104][163]LogAudioMixer: Display: Name: Casque (High Definition Audio Device)
[2020.02.01-10.22.12:104][163]LogAudioMixer: Display: Is Default: Yes
[2020.02.01-10.22.12:104][163]LogAudioMixer: Display: Sample Rate: 48000
[2020.02.01-10.22.12:104][163]LogAudioMixer: Display: Channel Count Used: 2
[2020.02.01-10.22.12:104][163]LogAudioMixer: Display: Device Channel Count: 2
[2020.02.01-10.22.12:104][163]LogAudioMixer: Display: Channel Order:
[2020.02.01-10.22.12:104][163]LogAudioMixer: Display: 0: FrontLeft
[2020.02.01-10.22.12:104][163]LogAudioMixer: Display: 1: FrontRight
[2020.02.01-10.22.12:115][163]LogAudioMixer: Display: Using Audio Device Casque (High Definition Audio Device)
[2020.02.01-10.22.12:116][163]LogInit: FAudioDevice initialized.
[2020.02.01-10.22.12:130][163]LogLoad: Game class is 'FirstPersonGameMode_C'
[2020.02.01-10.22.12:137][163]LogWorld: Bringing World /Game/FirstPersonBP/Maps/UEDPIE_0_FirstPersonExampleMap.FirstPersonExampleMap up for play (max tick rate 0) at 2020.02.01-11.22.12
[2020.02.01-10.22.12:139][163]LogWorld: Bringing up level for play took: 0.003585
[2020.02.01-10.22.12:140][163]LogOnline: OSS: Creating online subsystem instance for: :Context_1
[2020.02.01-10.22.12:157][163]LogContentBrowser: Native class hierarchy updated for 'MovieSceneCapture' in 0.0003 seconds. Added 20 classes and 0 folders.
[2020.02.01-10.22.12:159][163]PIE: Play in editor start time for /Game/FirstPersonBP/Maps/UEDPIE_0_FirstPersonExampleMap -0,765
[2020.02.01-10.22.12:160][163]LogBlueprintUserMessages: Late PlayInEditor Detection: Level '/Game/FirstPersonBP/Maps/FirstPersonExampleMap.FirstPersonExampleMap:PersistentLevel' has LevelScriptBlueprint '/Game/FirstPersonBP/Maps/FirstPersonExampleMap.FirstPersonExampleMap:PersistentLevel.FirstPersonExampleMap' with GeneratedClass '/Game/FirstPersonBP/Maps/FirstPersonExampleMap.FirstPersonExampleMap_C' with ClassGeneratedBy '/Game/FirstPersonBP/Maps/FirstPersonExampleMap.FirstPersonExampleMap:PersistentLevel.FirstPersonExampleMap'
[2020.02.01-10.22.18:824][955]LogAudioMixer: Display: No commands were queued while flushing the source manager.
[2020.02.01-10.22.18:832][955]LogAudioMixer: Display: Flush succeeded in the source manager command queue (1).
[2020.02.01-10.22.18:862][955]LogAudioMixer: Display: Flush succeeded the source manager command queue (2).
[2020.02.01-10.22.18:863][955]LogBlueprintUserMessages: Early EndPlayMap Detection: Level '/Game/FirstPersonBP/Maps/FirstPersonExampleMap.FirstPersonExampleMap:PersistentLevel' has LevelScriptBlueprint '/Game/FirstPersonBP/Maps/FirstPersonExampleMap.FirstPersonExampleMap:PersistentLevel.FirstPersonExampleMap' with GeneratedClass '/Game/FirstPersonBP/Maps/FirstPersonExampleMap.FirstPersonExampleMap_C' with ClassGeneratedBy '/Game/FirstPersonBP/Maps/FirstPersonExampleMap.FirstPersonExampleMap:PersistentLevel.FirstPersonExampleMap'
[2020.02.01-10.22.18:864][955]LogSlate: Updating window title bar state: overlay mode, drag disabled, window buttons hidden, title bar hidden
[2020.02.01-10.22.18:864][955]LogWorld: BeginTearingDown for /Game/FirstPersonBP/Maps/UEDPIE_0_FirstPersonExampleMap
[2020.02.01-10.22.18:864][955]LogAudioMixer: Display: No commands were queued while flushing the source manager.
[2020.02.01-10.22.18:864][955]LogWorld: UWorld::CleanupWorld for FirstPersonExampleMap, bSessionEnded=true, bCleanupResources=true
[2020.02.01-10.22.18:865][955]LogSlate: InvalidateAllWidgets triggered.  All widgets were invalidated
[2020.02.01-10.22.18:875][955]LogPlayLevel: Display: Shutting down PIE online subsystems
[2020.02.01-10.22.18:876][955]LogBlueprintUserMessages: Late EndPlayMap Detection: Level '/Game/FirstPersonBP/Maps/FirstPersonExampleMap.FirstPersonExampleMap:PersistentLevel' has LevelScriptBlueprint '/Game/FirstPersonBP/Maps/FirstPersonExampleMap.FirstPersonExampleMap:PersistentLevel.FirstPersonExampleMap' with GeneratedClass '/Game/FirstPersonBP/Maps/FirstPersonExampleMap.FirstPersonExampleMap_C' with ClassGeneratedBy '/Game/FirstPersonBP/Maps/FirstPersonExampleMap.FirstPersonExampleMap:PersistentLevel.FirstPersonExampleMap'
[2020.02.01-10.22.18:878][955]LogSlate: InvalidateAllWidgets triggered.  All widgets were invalidated
[2020.02.01-10.22.18:900][955]LogAudioMixer: Display: No commands were queued while flushing the source manager.
[2020.02.01-10.22.18:902][955]LogSlate: Updating window title bar state: overlay mode, drag disabled, window buttons hidden, title bar hidden
[2020.02.01-10.22.18:905][955]LogUObjectHash: Compacting FUObjectHashTables data took   1.27ms
[2020.02.01-10.22.18:927][956]LogPlayLevel: Display: Destroying online subsystem :Context_1
[2020.02.01-10.24.38:972][994]LogSlate: Window 'Project Settings' being destroyed
[2020.02.01-10.24.38:976][994]LogSlate: Window 'Project Settings' being destroyed
[2020.02.01-10.24.48:039][ 61]LogUObjectHash: Compacting FUObjectHashTables data took   1.32ms
[2020.02.01-10.24.56:747][ 96]LogTemp: Repeating last play command: Selected Viewport
[2020.02.01-10.24.56:753][ 96]LogBlueprintUserMessages: Early PlayInEditor Detection: Level '/Game/FirstPersonBP/Maps/FirstPersonExampleMap.FirstPersonExampleMap:PersistentLevel' has LevelScriptBlueprint '/Game/FirstPersonBP/Maps/FirstPersonExampleMap.FirstPersonExampleMap:PersistentLevel.FirstPersonExampleMap' with GeneratedClass '/Game/FirstPersonBP/Maps/FirstPersonExampleMap.FirstPersonExampleMap_C' with ClassGeneratedBy '/Game/FirstPersonBP/Maps/FirstPersonExampleMap.FirstPersonExampleMap:PersistentLevel.FirstPersonExampleMap'
[2020.02.01-10.24.56:754][ 96]LogPlayLevel: PlayLevel: No blueprints needed recompiling
[2020.02.01-10.24.56:754][ 96]PIE: New page: PIE session: FirstPersonExampleMap (1 févr. 2020 à 12:24:56)
[2020.02.01-10.24.56:754][ 96]LogPlayLevel: Creating play world package: /Game/FirstPersonBP/Maps/UEDPIE_0_FirstPersonExampleMap
[2020.02.01-10.24.56:764][ 96]LogPlayLevel: PIE: StaticDuplicateObject took: (0.010514s)
[2020.02.01-10.24.56:765][ 96]LogAIModule: Creating AISystem for world FirstPersonExampleMap
[2020.02.01-10.24.56:766][ 96]LogPlayLevel: PIE: World Init took: (0.001276s)
[2020.02.01-10.24.56:766][ 96]LogPlayLevel: PIE: Created PIE world by copying editor world from /Game/FirstPersonBP/Maps/FirstPersonExampleMap.FirstPersonExampleMap to /Game/FirstPersonBP/Maps/UEDPIE_0_FirstPersonExampleMap.FirstPersonExampleMap (0.011939s)
[2020.02.01-10.24.56:788][ 96]LogUObjectHash: Compacting FUObjectHashTables data took   1.13ms
[2020.02.01-10.24.56:789][ 96]LogAudioMixer: Display: Audio Mixer Platform Settings:
[2020.02.01-10.24.56:789][ 96]LogAudioMixer: Display: 	Sample Rate:						  48000
[2020.02.01-10.24.56:789][ 96]LogAudioMixer: Display: 	Callback Buffer Frame Size Requested: 1024
[2020.02.01-10.24.56:789][ 96]LogAudioMixer: Display: 	Callback Buffer Frame Size To Use:	  1024
[2020.02.01-10.24.56:789][ 96]LogAudioMixer: Display: 	Number of buffers to queue:			  2
[2020.02.01-10.24.56:789][ 96]LogAudioMixer: Display: 	Max Channels (voices):				  32
[2020.02.01-10.24.56:789][ 96]LogAudioMixer: Display: 	Number of Async Source Workers:		  0
[2020.02.01-10.24.56:789][ 96]LogAudio: Display: AudioDevice MaxSources: 32
[2020.02.01-10.24.56:789][ 96]LogAudio: Display: Using built-in audio occlusion.
[2020.02.01-10.24.56:789][ 96]LogAudioMixer: Display: Initializing audio mixer.
[2020.02.01-10.24.56:798][ 96]LogAudioMixer: Display: Audio Device Output Speaker Info:
[2020.02.01-10.24.56:798][ 96]LogAudioMixer: Display: Name: Casque (High Definition Audio Device)
[2020.02.01-10.24.56:798][ 96]LogAudioMixer: Display: Is Default: Yes
[2020.02.01-10.24.56:798][ 96]LogAudioMixer: Display: Sample Rate: 48000
[2020.02.01-10.24.56:798][ 96]LogAudioMixer: Display: Channel Count Used: 2
[2020.02.01-10.24.56:798][ 96]LogAudioMixer: Display: Device Channel Count: 2
[2020.02.01-10.24.56:798][ 96]LogAudioMixer: Display: Channel Order:
[2020.02.01-10.24.56:798][ 96]LogAudioMixer: Display: 0: FrontLeft
[2020.02.01-10.24.56:798][ 96]LogAudioMixer: Display: 1: FrontRight
[2020.02.01-10.24.56:809][ 96]LogAudioMixer: Display: Using Audio Device Casque (High Definition Audio Device)
[2020.02.01-10.24.56:810][ 96]LogInit: FAudioDevice initialized.
[2020.02.01-10.24.56:819][ 96]LogLoad: Game class is 'FirstPersonGameMode_C'
[2020.02.01-10.24.56:821][ 96]LogWorld: Bringing World /Game/FirstPersonBP/Maps/UEDPIE_0_FirstPersonExampleMap.FirstPersonExampleMap up for play (max tick rate 0) at 2020.02.01-11.24.56
[2020.02.01-10.24.56:821][ 96]LogWorld: Bringing up level for play took: 0.001363
[2020.02.01-10.24.56:821][ 96]LogOnline: OSS: Creating online subsystem instance for: :Context_3
[2020.02.01-10.24.56:823][ 96]PIE: Play in editor start time for /Game/FirstPersonBP/Maps/UEDPIE_0_FirstPersonExampleMap -0,102
[2020.02.01-10.24.56:823][ 96]LogBlueprintUserMessages: Late PlayInEditor Detection: Level '/Game/FirstPersonBP/Maps/FirstPersonExampleMap.FirstPersonExampleMap:PersistentLevel' has LevelScriptBlueprint '/Game/FirstPersonBP/Maps/FirstPersonExampleMap.FirstPersonExampleMap:PersistentLevel.FirstPersonExampleMap' with GeneratedClass '/Game/FirstPersonBP/Maps/FirstPersonExampleMap.FirstPersonExampleMap_C' with ClassGeneratedBy '/Game/FirstPersonBP/Maps/FirstPersonExampleMap.FirstPersonExampleMap:PersistentLevel.FirstPersonExampleMap'
[2020.02.01-10.25.37:852][ 14]LogAudioMixer: Display: No commands were queued while flushing the source manager.
[2020.02.01-10.25.37:852][ 14]LogAudioMixer: Display: No commands were queued while flushing the source manager.
[2020.02.01-10.25.37:853][ 14]LogBlueprintUserMessages: Early EndPlayMap Detection: Level '/Game/FirstPersonBP/Maps/FirstPersonExampleMap.FirstPersonExampleMap:PersistentLevel' has LevelScriptBlueprint '/Game/FirstPersonBP/Maps/FirstPersonExampleMap.FirstPersonExampleMap:PersistentLevel.FirstPersonExampleMap' with GeneratedClass '/Game/FirstPersonBP/Maps/FirstPersonExampleMap.FirstPersonExampleMap_C' with ClassGeneratedBy '/Game/FirstPersonBP/Maps/FirstPersonExampleMap.FirstPersonExampleMap:PersistentLevel.FirstPersonExampleMap'
[2020.02.01-10.25.37:853][ 14]LogSlate: Updating window title bar state: overlay mode, drag disabled, window buttons hidden, title bar hidden
[2020.02.01-10.25.37:853][ 14]LogWorld: BeginTearingDown for /Game/FirstPersonBP/Maps/UEDPIE_0_FirstPersonExampleMap
[2020.02.01-10.25.37:853][ 14]LogAudioMixer: Display: No commands were queued while flushing the source manager.
[2020.02.01-10.25.37:853][ 14]LogWorld: UWorld::CleanupWorld for FirstPersonExampleMap, bSessionEnded=true, bCleanupResources=true
[2020.02.01-10.25.37:853][ 14]LogSlate: InvalidateAllWidgets triggered.  All widgets were invalidated
[2020.02.01-10.25.37:862][ 14]LogPlayLevel: Display: Shutting down PIE online subsystems
[2020.02.01-10.25.37:862][ 14]LogBlueprintUserMessages: Late EndPlayMap Detection: Level '/Game/FirstPersonBP/Maps/FirstPersonExampleMap.FirstPersonExampleMap:PersistentLevel' has LevelScriptBlueprint '/Game/FirstPersonBP/Maps/FirstPersonExampleMap.FirstPersonExampleMap:PersistentLevel.FirstPersonExampleMap' with GeneratedClass '/Game/FirstPersonBP/Maps/FirstPersonExampleMap.FirstPersonExampleMap_C' with ClassGeneratedBy '/Game/FirstPersonBP/Maps/FirstPersonExampleMap.FirstPersonExampleMap:PersistentLevel.FirstPersonExampleMap'
[2020.02.01-10.25.37:865][ 14]LogSlate: InvalidateAllWidgets triggered.  All widgets were invalidated
[2020.02.01-10.25.37:886][ 14]LogAudioMixer: Display: No commands were queued while flushing the source manager.
[2020.02.01-10.25.37:891][ 14]LogSlate: Updating window title bar state: overlay mode, drag disabled, window buttons hidden, title bar hidden
[2020.02.01-10.25.37:894][ 14]LogUObjectHash: Compacting FUObjectHashTables data took   1.15ms
[2020.02.01-10.25.37:954][ 17]LogPlayLevel: Display: Destroying online subsystem :Context_3
[2020.02.01-10.25.42:972][609]LogEditorViewport: Clicking on Actor (LMB): TextRenderActor (TemplateLabel)
[2020.02.01-10.26.17:776][711]LogUObjectHash: Compacting FUObjectHashTables data took   0.53ms
[2020.02.01-10.26.17:785][711]LogSlate: Took 0.000703 seconds to synchronously load lazily loaded font '../../../Engine/Content/Slate/Fonts/Roboto-Light.ttf' (167K)
[2020.02.01-10.26.17:826][711]LogUObjectHash: Compacting FUObjectHashTables data took   0.55ms
[2020.02.01-10.26.17:963][711]LogSavePackage: Moving '../../../../Projets/Unreal/UnrealFPSProject/Saved/FirstPersonExampleMapF5F1BCCD45E58B0CD89E77A79D4EF6BC.tmp' to '../../../../Projets/Unreal/UnrealFPSProject/Content/FirstPersonBP/Maps/FirstPersonExampleMap.umap'
[2020.02.01-10.26.17:976][711]LogFileHelpers: Saving map 'FirstPersonExampleMap' took 0.171
[2020.02.01-10.26.17:991][711]AssetCheck: New page: Asset Save: FirstPersonExampleMap
[2020.02.01-10.26.17:991][711]LogContentValidation: Display: Validating World /Game/FirstPersonBP/Maps/FirstPersonExampleMap.FirstPersonExampleMap
[2020.02.01-10.26.18:887][810]LogEditorViewport: Clicking on Actor (LMB): StaticMeshActor (Floor)
[2020.02.01-10.26.24:114][402]LogEditorViewport: Clicking on Actor (LMB): StaticMeshActor (EditorCube11)
[2020.02.01-10.27.10:159][848]LogUObjectHash: Compacting FUObjectHashTables data took   1.40ms
[2020.02.01-10.27.10:271][848]LogSavePackage: Moving '../../../../Projets/Unreal/UnrealFPSProject/Saved/FirstPersonExampleMapBD3E56BB46D7FC6F9E89E491D8CACA1F.tmp' to '../../../../Projets/Unreal/UnrealFPSProject/Content/FirstPersonBP/Maps/FirstPersonExampleMap.umap'
[2020.02.01-10.27.10:984][848]LogSavePackage: Moving '../../../../Projets/Unreal/UnrealFPSProject/Saved/FirstPersonExampleMap_BuiltData37BC8AE04D4424D5242FC194EF9AD623.tmp' to '../../../../Projets/Unreal/UnrealFPSProject/Content/FirstPersonBP/Maps/FirstPersonExampleMap_BuiltData.uasset'
[2020.02.01-10.27.11:018][848]AssetCheck: New page: Asset Save: multiple assets
[2020.02.01-10.27.11:018][848]LogContentValidation: Display: Validating World /Game/FirstPersonBP/Maps/FirstPersonExampleMap.FirstPersonExampleMap
[2020.02.01-10.27.11:018][848]LogContentValidation: Display: Validating MapBuildDataRegistry /Game/FirstPersonBP/Maps/FirstPersonExampleMap_BuiltData.FirstPersonExampleMap_BuiltData
[2020.02.01-10.27.22:798][241]LogSlate: Took 0.000765 seconds to synchronously load lazily loaded font '../../../Engine/Content/Editor/Slate/Fonts/FontAwesome.ttf' (139K)
[2020.02.01-10.27.22:812][241]LogSlate: Took 0.000194 seconds to synchronously load lazily loaded font '../../../Engine/Content/Slate/Fonts/Roboto-Light.ttf' (167K)
[2020.02.01-10.27.50:586][368]LogEditorViewport: Clicking on Actor (LMB): StaticMeshActor (Floor)
[2020.02.01-10.28.23:398][191]LogHttp: Warning: 000001E407755BC0: invalid HTTP response code received. URL: https://datarouter.ol.epicgames.com/datarouter/api/v1/public/data?SessionID=%7B2641710D-41C6-B4F3-8277-4592B0D85BAF%7D&AppID=UEEditor.Rocket.Release&AppVersion=4.24.2-11100242%2B%2B%2BUE4%2BRelease-4.24&UserID=1b083a2f47ce4b34190a89b3b5845eaa%7C4fdc3f0f4e344c2781a776bdebc75ff3%7Ceb3da33d-5730-4592-a3f1-9940975c5958&AppEnvironment=datacollector-binary&UploadType=eteventstream, HTTP code: 0, content length: 0, actual payload size: 0
[2020.02.01-10.28.23:398][191]LogHttp: Warning: 000001E407755BC0: request failed, libcurl error: 0 (No error)
[2020.02.01-10.28.23:398][191]LogHttp: Warning: 000001E407755BC0: libcurl info message cache 0 (Found bundle for host datarouter.ol.epicgames.com: 0x1e442487f70 [can pipeline])
[2020.02.01-10.28.23:398][191]LogHttp: Warning: 000001E407755BC0: libcurl info message cache 1 (Re-using existing connection! (#3) with host datarouter.ol.epicgames.com)
[2020.02.01-10.28.23:398][191]LogHttp: Warning: 000001E407755BC0: libcurl info message cache 2 (Connected to datarouter.ol.epicgames.com (100.24.78.173) port 443 (#3))
[2020.02.01-10.28.23:398][191]LogHttp: Warning: 000001E407755BC0: libcurl info message cache 3 (We are completely uploaded and fine)
[2020.02.01-10.28.23:398][191]LogHttp: Warning: 000001E407755BC0: libcurl info message cache 4 (TLSv1.2 (IN), TLS alert, Client hello (1):)
[2020.02.01-10.28.23:398][191]LogHttp: Warning: 000001E407755BC0: libcurl info message cache 5 (Connection died, retrying a fresh connect)
[2020.02.01-10.28.23:398][191]LogHttp: Warning: 000001E407755BC0: libcurl info message cache 6 (necessary data rewind wasn't possible)
[2020.02.01-10.28.23:398][191]LogHttp: Warning: 000001E407755BC0: libcurl info message cache 7 (Closing connection 3)
[2020.02.01-10.28.23:398][191]LogHttp: Warning: 000001E407755BC0: libcurl info message cache 8 (TLSv1.2 (OUT), TLS alert, Client hello (1):)
[2020.02.01-10.28.23:406][192]LogHttp: Warning: Retry exhausted on https://datarouter.ol.epicgames.com/datarouter/api/v1/public/data?SessionID=%7B2641710D-41C6-B4F3-8277-4592B0D85BAF%7D&AppID=UEEditor.Rocket.Release&AppVersion=4.24.2-11100242%2B%2B%2BUE4%2BRelease-4.24&UserID=1b083a2f47ce4b34190a89b3b5845eaa%7C4fdc3f0f4e344c2781a776bdebc75ff3%7Ceb3da33d-5730-4592-a3f1-9940975c5958&AppEnvironment=datacollector-binary&UploadType=eteventstream
[2020.02.01-10.28.54:720][905]LogActorFactory: Actor Factory created Shape_Cube
[2020.02.01-10.28.56:374][102]LogActorFactory: Actor Factory created Shape_Cube
[2020.02.01-10.29.00:021][518]LogUObjectHash: Compacting FUObjectHashTables data took   1.56ms
[2020.02.01-10.29.00:135][518]LogSavePackage: Moving '../../../../Projets/Unreal/UnrealFPSProject/Saved/FirstPersonExampleMap538D12AE40C7850C955EAFAABF98EFFA.tmp' to '../../../../Projets/Unreal/UnrealFPSProject/Content/FirstPersonBP/Maps/FirstPersonExampleMap.umap'
[2020.02.01-10.29.00:564][518]LogSavePackage: Moving '../../../../Projets/Unreal/UnrealFPSProject/Saved/FirstPersonExampleMap_BuiltData7989B3814C53240DD77B2CB3BEAFF8B9.tmp' to '../../../../Projets/Unreal/UnrealFPSProject/Content/FirstPersonBP/Maps/FirstPersonExampleMap_BuiltData.uasset'
[2020.02.01-10.29.00:581][518]AssetCheck: New page: Asset Save: multiple assets
[2020.02.01-10.29.00:581][518]LogContentValidation: Display: Validating World /Game/FirstPersonBP/Maps/FirstPersonExampleMap.FirstPersonExampleMap
[2020.02.01-10.29.00:581][518]LogContentValidation: Display: Validating MapBuildDataRegistry /Game/FirstPersonBP/Maps/FirstPersonExampleMap_BuiltData.FirstPersonExampleMap_BuiltData
[2020.02.01-10.29.22:031][ 36]LogRenderer: Reallocating scene render targets to support 828x924 Format 10 NumSamples 1 (Frame:61334).
[2020.02.01-10.29.22:119][ 39]LogRenderer: Reallocating scene render targets to support 832x924 Format 10 NumSamples 1 (Frame:61340).
[2020.02.01-10.29.22:224][ 43]LogRenderer: Reallocating scene render targets to support 836x924 Format 10 NumSamples 1 (Frame:61348).
[2020.02.01-10.29.22:280][ 45]LogRenderer: Reallocating scene render targets to support 840x924 Format 10 NumSamples 1 (Frame:61352).
[2020.02.01-10.29.25:678][451]LogSlate: Took 0.000772 seconds to synchronously load lazily loaded font '../../../Engine/Content/Slate/Fonts/Roboto-Italic.ttf' (157K)
[2020.02.01-10.30.28:368][967]LogSlate: Window 'Color Picker' being destroyed
[2020.02.01-10.30.47:518][239]LogUObjectHash: Compacting FUObjectHashTables data took   1.41ms
[2020.02.01-10.30.47:632][239]LogSavePackage: Moving '../../../../Projets/Unreal/UnrealFPSProject/Saved/FirstPersonExampleMap474ADD0F4BA07D2E1E52529F11E65F37.tmp' to '../../../../Projets/Unreal/UnrealFPSProject/Content/FirstPersonBP/Maps/FirstPersonExampleMap.umap'
[2020.02.01-10.30.48:060][239]LogSavePackage: Moving '../../../../Projets/Unreal/UnrealFPSProject/Saved/FirstPersonExampleMap_BuiltData683334634AE08CC8EDE4218E03A9B186.tmp' to '../../../../Projets/Unreal/UnrealFPSProject/Content/FirstPersonBP/Maps/FirstPersonExampleMap_BuiltData.uasset'
[2020.02.01-10.30.48:078][239]AssetCheck: New page: Asset Save: multiple assets
[2020.02.01-10.30.48:078][239]LogContentValidation: Display: Validating World /Game/FirstPersonBP/Maps/FirstPersonExampleMap.FirstPersonExampleMap
[2020.02.01-10.30.48:078][239]LogContentValidation: Display: Validating MapBuildDataRegistry /Game/FirstPersonBP/Maps/FirstPersonExampleMap_BuiltData.FirstPersonExampleMap_BuiltData
[2020.02.01-10.31.47:118][257]LogEditorViewport: Clicking on Actor (LMB): StaticMeshActor (Shape_Cube)
[2020.02.01-10.31.52:351][870]LogUObjectHash: Compacting FUObjectHashTables data took   1.39ms
[2020.02.01-10.31.52:467][870]LogSavePackage: Moving '../../../../Projets/Unreal/UnrealFPSProject/Saved/FirstPersonExampleMap8D46111847DA6D2FB5526CAB9E6A735F.tmp' to '../../../../Projets/Unreal/UnrealFPSProject/Content/FirstPersonBP/Maps/FirstPersonExampleMap.umap'
[2020.02.01-10.31.52:894][870]LogSavePackage: Moving '../../../../Projets/Unreal/UnrealFPSProject/Saved/FirstPersonExampleMap_BuiltDataF1246AC34F22E76C81991988EB6C82C6.tmp' to '../../../../Projets/Unreal/UnrealFPSProject/Content/FirstPersonBP/Maps/FirstPersonExampleMap_BuiltData.uasset'
[2020.02.01-10.31.52:911][870]AssetCheck: New page: Asset Save: multiple assets
[2020.02.01-10.31.52:911][870]LogContentValidation: Display: Validating World /Game/FirstPersonBP/Maps/FirstPersonExampleMap.FirstPersonExampleMap
[2020.02.01-10.31.52:911][870]LogContentValidation: Display: Validating MapBuildDataRegistry /Game/FirstPersonBP/Maps/FirstPersonExampleMap_BuiltData.FirstPersonExampleMap_BuiltData
[2020.02.01-10.31.53:638][939]MapCheck: New page: Map Check
[2020.02.01-10.31.53:652][939]Cmd: MAP REBUILD ALLVISIBLE
[2020.02.01-10.31.53:652][939]LogEditorServer: Rebuildmap Clear paths rebuilt
[2020.02.01-10.31.53:745][939]LogWorld: UWorld::CleanupWorld for FirstPersonExampleMap, bSessionEnded=true, bCleanupResources=false
[2020.02.01-10.31.53:779][939]LogUObjectHash: Compacting FUObjectHashTables data took   1.39ms
[2020.02.01-10.31.53:792][939]LogMaterial: Display: Missing cached shader map for material DebugViewMode MaterialTexCoordScale, compiling. 
[2020.02.01-10.31.53:810][939]LogMaterial: Display: Missing cached shader map for material DebugViewMode MaterialTexCoordScale, compiling. 
[2020.02.01-10.31.53:822][939]LogShaderCompilers: Display: Worker (1/3): shaders left to compile 2
[2020.02.01-10.31.53:822][939]LogShaderCompilers: Display: Worker (2/3): shaders left to compile 1
[2020.02.01-10.31.53:822][939]LogMaterial: Display: Missing cached shader map for material DebugViewMode MaterialTexCoordScale, compiling. 
[2020.02.01-10.31.53:833][939]LogMaterial: Display: Missing cached shader map for material DebugViewMode MaterialTexCoordScale, compiling. 
[2020.02.01-10.31.53:844][939]LogMaterial: Display: Missing cached shader map for material DebugViewMode MaterialTexCoordScale, compiling. 
[2020.02.01-10.31.53:855][939]LogMaterial: Display: Missing cached shader map for material DebugViewMode MaterialTexCoordScale, compiling. 
[2020.02.01-10.31.53:866][939]LogMaterial: Display: Missing cached shader map for material DebugViewMode MaterialTexCoordScale, compiling. 
[2020.02.01-10.31.53:880][939]LogMaterial: Display: Missing cached shader map for material DebugViewMode MaterialTexCoordScale, compiling. 
[2020.02.01-10.31.55:244][939]LogShaderCompilers: Display: Worker (1/3): shaders left to compile 14
[2020.02.01-10.31.55:244][939]LogShaderCompilers: Display: Worker (2/3): shaders left to compile 13
[2020.02.01-10.31.55:244][939]LogShaderCompilers: Display: Worker (1/3): shaders left to compile 12
[2020.02.01-10.31.55:244][939]LogShaderCompilers: Display: Worker (2/3): shaders left to compile 11
[2020.02.01-10.31.55:244][939]LogShaderCompilers: Display: Worker (1/3): shaders left to compile 10
[2020.02.01-10.31.55:244][939]LogShaderCompilers: Display: Worker (2/3): shaders left to compile 9
[2020.02.01-10.31.55:244][939]LogShaderCompilers: Display: Worker (1/3): shaders left to compile 8
[2020.02.01-10.31.55:244][939]LogShaderCompilers: Display: Worker (1/3): shaders left to compile 7
[2020.02.01-10.31.55:244][939]LogShaderCompilers: Display: Worker (2/3): shaders left to compile 6
[2020.02.01-10.31.55:244][939]LogShaderCompilers: Display: Worker (2/3): shaders left to compile 5
[2020.02.01-10.31.55:244][939]LogShaderCompilers: Display: Worker (1/3): shaders left to compile 4
[2020.02.01-10.31.55:244][939]LogShaderCompilers: Display: Worker (2/3): shaders left to compile 3
[2020.02.01-10.31.55:244][939]LogShaderCompilers: Display: Worker (1/3): shaders left to compile 2
[2020.02.01-10.31.55:244][939]LogShaderCompilers: Display: Worker (2/3): shaders left to compile 1
[2020.02.01-10.31.55:244][939]TextureStreamingBuild: Display: Compiling optional shaders took 1.463 seconds.
[2020.02.01-10.31.55:252][939]LogLevel: Display: Export Material TexCoord Scales took 0.007 seconds.
[2020.02.01-10.31.55:255][939]TextureStreamingBuild: Display: Build Texture Streaming took 0.003 seconds.
[2020.02.01-10.31.55:276][939]LogUObjectHash: Compacting FUObjectHashTables data took   0.53ms
[2020.02.01-10.31.55:279][939]LightingResults: New page: Lighting Build - 1 févr. 2020 à 12:31:55
[2020.02.01-10.31.55:321][939]LogSwarmInterface: [OpenConnection] Registering TCP channel ...
[2020.02.01-10.31.55:374][939]LogSwarmInterface: [OpenConnection] Connecting to agent ...
[2020.02.01-10.31.55:390][939]LogSwarmInterface: [TryOpenConnection] Testing the Agent
[2020.02.01-10.31.55:914][939]LogSwarmInterface: [TryOpenConnection] Opening Connection to Agent
[2020.02.01-10.31.55:914][939]LogSwarmInterface: [TryOpenConnection] Local Process ID is 16768
[2020.02.01-10.31.58:532][939]LogStaticLightingSystem: Running Lightmass w/ ImmediateImport mode ENABLED
[2020.02.01-10.31.58:532][939]LogStaticLightingSystem: Running Lightmass w/ ImmediateProcess mode ENABLED
[2020.02.01-10.31.58:532][939]LogStaticLightingSystem: Running Lightmass w/ Sorting mode ENABLED
[2020.02.01-10.31.58:532][939]LogStaticLightingSystem: Running Lightmass w/ Mapping paddings ENABLED
[2020.02.01-10.31.58:532][939]LogStaticLightingSystem: Running Lightmass w/ Mapping debug paddings DISABLED
[2020.02.01-10.31.58:752][939]Cmd: MAP CHECK DONTDISPLAYDIALOG
[2020.02.01-10.31.58:752][939]MapCheck: New page: FirstPersonExampleMap - 1 févr. 2020 à 12:31:58
[2020.02.01-10.31.58:789][939]MapCheck: Error: WorldInfo_0 Maps need lighting rebuilt 
[2020.02.01-10.31.58:791][939]MapCheck: Map check complete: 1 Error(s), 0 Warning(s), took 39,674ms to complete.
[2020.02.01-10.31.58:793][939]LogEditorBuildUtils: Build time 0:05
[2020.02.01-10.31.58:901][939]LogMaterial: Display: Missing cached shader map for material FLightmassMaterialRenderer MaterialInstanceDynamic_0, compiling. 
[2020.02.01-10.31.58:917][939]LogShaderCompilers: Display: Worker (1/3): shaders left to compile 2
[2020.02.01-10.31.58:917][939]LogMaterial: Display: Missing cached shader map for material FLightmassMaterialRenderer MaterialInstanceDynamic_0, compiling. 
[2020.02.01-10.31.58:923][939]LogShaderCompilers: Display: Worker (2/3): shaders left to compile 2
[2020.02.01-10.31.59:027][940]LogMaterial: Display: Missing cached shader map for material FLightmassMaterialRenderer M_Basic_Wall, compiling. 
[2020.02.01-10.31.59:041][940]LogMaterial: Display: Missing cached shader map for material FLightmassMaterialRenderer M_Basic_Wall, compiling. 
[2020.02.01-10.31.59:974][941]LogShaderCompilers: Display: Worker (1/3): shaders left to compile 4
[2020.02.01-10.31.59:974][941]LogShaderCompilers: Display: Worker (2/3): shaders left to compile 1
[2020.02.01-10.32.00:100][945]LogUObjectHash: Compacting FUObjectHashTables data took   0.53ms
[2020.02.01-10.32.22:692][864]Cmd: OBJ SAVEPACKAGE PACKAGE="/Game/StarterContent/Shapes/Shape_Cube" FILE="../../../../Projets/Unreal/UnrealFPSProject/Content/StarterContent/Shapes/Shape_Cube.uasset" SILENT=true
[2020.02.01-10.32.22:705][864]LogSavePackage: Moving '../../../../Projets/Unreal/UnrealFPSProject/Saved/Shape_CubeE173A2644BF1FB0C4B6799A2C842391A.tmp' to '../../../../Projets/Unreal/UnrealFPSProject/Content/StarterContent/Shapes/Shape_Cube.uasset'
[2020.02.01-10.32.22:719][864]AssetCheck: New page: Asset Save: Shape_Cube
[2020.02.01-10.32.22:719][864]LogContentValidation: Display: Validating StaticMesh /Game/StarterContent/Shapes/Shape_Cube.Shape_Cube
[2020.02.01-10.32.28:934][382]LogUObjectHash: Compacting FUObjectHashTables data took   1.33ms
[2020.02.01-10.32.29:051][382]LogSavePackage: Moving '../../../../Projets/Unreal/UnrealFPSProject/Saved/FirstPersonExampleMap48D1B82E424C1CDC8366E3958F026EDE.tmp' to '../../../../Projets/Unreal/UnrealFPSProject/Content/FirstPersonBP/Maps/FirstPersonExampleMap.umap'
[2020.02.01-10.32.29:499][382]LogSavePackage: Moving '../../../../Projets/Unreal/UnrealFPSProject/Saved/FirstPersonExampleMap_BuiltData16297AEA43AA9521358AD19EF3A20D15.tmp' to '../../../../Projets/Unreal/UnrealFPSProject/Content/FirstPersonBP/Maps/FirstPersonExampleMap_BuiltData.uasset'
[2020.02.01-10.32.29:512][382]AssetCheck: New page: Asset Save: multiple assets
[2020.02.01-10.32.29:512][382]LogContentValidation: Display: Validating World /Game/FirstPersonBP/Maps/FirstPersonExampleMap.FirstPersonExampleMap
[2020.02.01-10.32.29:513][382]LogContentValidation: Display: Validating MapBuildDataRegistry /Game/FirstPersonBP/Maps/FirstPersonExampleMap_BuiltData.FirstPersonExampleMap_BuiltData
[2020.02.01-10.32.35:452][910]Job is a success!
[2020.02.01-10.32.40:609][468]LogVolumetricLightmapImport: Imported Volumetric Lightmap in 0.017s
[2020.02.01-10.32.40:609][468]LogVolumetricLightmapImport:      Indirection Texture 16x16x16 = 0.0Mb
[2020.02.01-10.32.40:609][468]LogVolumetricLightmapImport:      BrickData (all levels) 0.4Mb
[2020.02.01-10.32.40:609][468]LogVolumetricLightmapImport:      Bricks at depth
[2020.02.01-10.32.40:609][468]LogVolumetricLightmapImport:          0: 1.3% covering 100.0% of volume
[2020.02.01-10.32.40:609][468]LogVolumetricLightmapImport:          1: 5.3% covering 6.3% of volume
[2020.02.01-10.32.40:609][468]LogVolumetricLightmapImport:          2: 93.4% covering 1.7% of volume
[2020.02.01-10.32.40:609][468]LogVolumetricLightmapImport:      Bricks in each level
[2020.02.01-10.32.40:609][468]LogVolumetricLightmapImport:          FirstPersonExampleMap 			 76 bricks 	 100.0% (Persistent Level)
[2020.02.01-10.32.42:806][468]LogTexture: Display: Building textures: SkyOcclusion0_1 (AutoDXT, 2048X1024)
[2020.02.01-10.32.42:806][468]LogTexture: Display: Building textures: HQ_Lightmap0_1 (AutoDXT, 2048X2048)
[2020.02.01-10.32.42:806][468]LogTexture: Display: Building textures: LQ_Lightmap_0_1 (DXT1, 2048X2048)
[2020.02.01-10.32.42:806][468]LogTexture: Display: Building textures: SkyOcclusion0_2 (AutoDXT, 2048X1024)
[2020.02.01-10.32.42:806][468]LogTexture: Display: Building textures: HQ_Lightmap0_2 (AutoDXT, 2048X2048)
[2020.02.01-10.32.42:806][468]LogTexture: Display: Building textures: LQ_Lightmap_0_2 (DXT1, 2048X2048)
[2020.02.01-10.32.42:806][468]LogTexture: Display: Building textures: SkyOcclusion0_3 (AutoDXT, 2048X1024)
[2020.02.01-10.32.42:806][468]LogTexture: Display: Building textures: HQ_Lightmap0_3 (AutoDXT, 2048X2048)
[2020.02.01-10.32.42:806][468]LogTexture: Display: Building textures: LQ_Lightmap_0_3 (DXT1, 2048X2048)
[2020.02.01-10.32.42:806][468]LogTexture: Display: Building textures: SkyOcclusion0_4 (AutoDXT, 2048X1024)
[2020.02.01-10.32.42:806][468]LogTexture: Display: Building textures: HQ_Lightmap0_4 (AutoDXT, 2048X2048)
[2020.02.01-10.32.42:806][468]LogTexture: Display: Building textures: LQ_Lightmap_0_4 (DXT1, 2048X2048)
[2020.02.01-10.32.42:806][468]LogTexture: Display: Building textures: SkyOcclusion0_5 (AutoDXT, 64X32)
[2020.02.01-10.32.42:806][468]LogTexture: Display: Building textures: HQ_Lightmap0_5 (AutoDXT, 64X64)
[2020.02.01-10.32.42:806][468]LogTexture: Display: Building textures: LQ_Lightmap_0_5 (DXT1, 64X64)
[2020.02.01-10.32.43:007][468]LogTexture: Display: Building textures: ShadowMapTexture2D_1 (G8, 1024X1024)
[2020.02.01-10.32.43:007][468]LogTexture: Display: Building textures: ShadowMapTexture2D_2 (G8, 1024X1024)
[2020.02.01-10.32.43:007][468]LogTexture: Display: Building textures: ShadowMapTexture2D_0 (G8, 1024X1024)
[2020.02.01-10.32.43:007][468]LogTexture: Display: Building textures: ShadowMapTexture2D_7 (G8, 64X32)
[2020.02.01-10.32.43:007][468]LogTexture: Display: Building textures: ShadowMapTexture2D_3 (G8, 1024X1024)
[2020.02.01-10.32.43:007][468]LogTexture: Display: Building textures: ShadowMapTexture2D_4 (G8, 1024X1024)
[2020.02.01-10.32.43:180][468]LogTexture: Display: Building textures: ShadowMapTexture2D_6 (G8, 1024X1024)
[2020.02.01-10.32.43:180][468]LogTexture: Display: Building textures: ShadowMapTexture2D_5 (G8, 1024X1024)
[2020.02.01-10.32.43:180][468]Lightmass on DESKTOP-OK2PGKH: 42.2 sec total, 149 ms importing, 7 ms setup, 5.50 sec photons, 36.5 sec processing, 0 ms extra exporting [9/9 mappings]. Threads: 3:02 min total, 1:26 min processing.
[2020.02.01-10.32.43:180][468]LogStaticLightingSystem: FirstPersonExampleMap_BuiltData storing lightmap data for 9 meshes in 9 LightmapResourceClusters (1.0 Meshes per cluster).
[2020.02.01-10.32.43:209][468]LogUObjectHash: Compacting FUObjectHashTables data took   1.43ms
[2020.02.01-10.32.43:244][468]LogStaticLightingSystem: Illumination: 42.8 sec (1.97 sec encoding lightmaps, 342 ms encoding shadowmaps)
[2020.02.01-10.32.43:244][468]LogStaticLightingSystem: Lightmap texture memory:  42.7 MB (42.7 MB streaming, 0.0 MB non-streaming), 10 textures
[2020.02.01-10.32.43:244][468]LogStaticLightingSystem: Shadowmap texture memory: 9.3 MB (9.3 MB streaming, 0.0 MB non-streaming), 8 textures
[2020.02.01-10.32.48:562][468]DumpUnbuiltLightIteractions
[2020.02.01-10.32.48:562][468]Lights with unbuilt interactions: 0
[2020.02.01-10.32.48:562][468]
[2020.02.01-10.32.48:562][468]Primitives with unbuilt interactions: 0
[2020.02.01-10.32.48:688][469]Cmd: MAP CHECK NOTIFYRESULTS
[2020.02.01-10.32.48:688][469]MapCheck: New page: FirstPersonExampleMap - 1 févr. 2020 à 12:32:48
[2020.02.01-10.32.48:688][469]MapCheck: Map check complete: 0 Error(s), 0 Warning(s), took 0,424ms to complete.
[2020.02.01-10.33.03:935][113]LogSlate: Window 'Source Control Login' being destroyed
[2020.02.01-10.33.23:532][388]LogUObjectHash: Compacting FUObjectHashTables data took   1.27ms
[2020.02.01-10.33.23:644][388]LogSavePackage: Moving '../../../../Projets/Unreal/UnrealFPSProject/Saved/FirstPersonExampleMap6ADB5BB7411636F6C9641C844B114768.tmp' to '../../../../Projets/Unreal/UnrealFPSProject/Content/FirstPersonBP/Maps/FirstPersonExampleMap.umap'
[2020.02.01-10.33.23:657][388]LogFileHelpers: Saving map 'FirstPersonExampleMap' took 0.149
[2020.02.01-10.33.24:065][388]LogSavePackage: Moving '../../../../Projets/Unreal/UnrealFPSProject/Saved/FirstPersonExampleMap_BuiltData7744032F43BE77A1E8E55E827364EAEF.tmp' to '../../../../Projets/Unreal/UnrealFPSProject/Content/FirstPersonBP/Maps/FirstPersonExampleMap_BuiltData.uasset'
[2020.02.01-10.33.24:079][388]AssetCheck: New page: Asset Save: multiple assets
[2020.02.01-10.33.24:079][388]LogContentValidation: Display: Validating World /Game/FirstPersonBP/Maps/FirstPersonExampleMap.FirstPersonExampleMap
[2020.02.01-10.33.24:079][388]LogContentValidation: Display: Validating MapBuildDataRegistry /Game/FirstPersonBP/Maps/FirstPersonExampleMap_BuiltData.FirstPersonExampleMap_BuiltData
[2020.02.01-10.33.27:225][716]SourceControl: fatal: C:/UE_4.24/Engine/Content: 'C:/UE_4.24/Engine/Content' is outside repository
[2020.02.01-10.33.58:911][716]LogSlate: Window 'Submit Files' being destroyed
[2020.02.01-10.34.00:644][716]LogSourceControl: commit successful: [master da93f40] PointLight + Cube
[2020.02.01-10.34.00:809][716]SourceControl: [master da93f40] PointLight + Cube
[2020.02.01-10.34.00:809][716]SourceControl:  4 files changed, 0 insertions(+), 0 deletions(-)
[2020.02.01-10.34.00:809][716]SourceControl:  rewrite Config/DefaultInput.ini (99%)
[2020.02.01-10.34.00:809][716]SourceControl:  rewrite Content/StarterContent/Shapes/Shape_Cube.uasset (98%)
[2020.02.01-10.34.00:816][716]SourceControl: Commited [master da93f40] PointLight + Cube.
